2013-04-07 21:51:02 Error: [MissingActionException] Action PagesController::home() could not be found.
Exception Attributes: array (
  'controller' => 'PagesController',
  'action' => 'home',
)
Request URL: /Pages/home
Stack Trace:
#0 /home/ronaldo/projetosPHP/curso2/public_html/lib/Cake/Routing/Dispatcher.php(187): Controller->invokeAction(Object(CakeRequest))
#1 /home/ronaldo/projetosPHP/curso2/public_html/lib/Cake/Routing/Dispatcher.php(162): Dispatcher->_invoke(Object(PagesController), Object(CakeRequest), Object(CakeResponse))
#2 /home/ronaldo/projetosPHP/curso2/public_html/app/webroot/index.php(109): Dispatcher->dispatch(Object(CakeRequest), Object(CakeResponse))
#3 {main}
2013-04-07 22:46:49 Error: [MissingControllerException] Controller class Quem-somosController could not be found.
Exception Attributes: array (
  'class' => 'Quem-somosController',
  'plugin' => NULL,
)
Request URL: /quem-somos/teste
Stack Trace:
#0 /home/ronaldo/projetosPHP/curso2/public_html/app/webroot/index.php(109): Dispatcher->dispatch(Object(CakeRequest), Object(CakeResponse))
#1 {main}
2013-04-07 22:47:29 Error: [MissingActionException] Action PagesController::quem-somos() could not be found.
Exception Attributes: array (
  'controller' => 'PagesController',
  'action' => 'quem-somos',
)
Request URL: /pages/quem-somos
Stack Trace:
#0 /home/ronaldo/projetosPHP/curso2/public_html/lib/Cake/Routing/Dispatcher.php(187): Controller->invokeAction(Object(CakeRequest))
#1 /home/ronaldo/projetosPHP/curso2/public_html/lib/Cake/Routing/Dispatcher.php(162): Dispatcher->_invoke(Object(PagesController), Object(CakeRequest), Object(CakeResponse))
#2 /home/ronaldo/projetosPHP/curso2/public_html/app/webroot/index.php(109): Dispatcher->dispatch(Object(CakeRequest), Object(CakeResponse))
#3 {main}
2013-04-07 22:48:16 Error: [MissingActionException] Action PagesController::quem-somos() could not be found.
Exception Attributes: array (
  'controller' => 'PagesController',
  'action' => 'quem-somos',
)
Request URL: /pages/quem-somos
Stack Trace:
#0 /home/ronaldo/projetosPHP/curso2/public_html/lib/Cake/Routing/Dispatcher.php(187): Controller->invokeAction(Object(CakeRequest))
#1 /home/ronaldo/projetosPHP/curso2/public_html/lib/Cake/Routing/Dispatcher.php(162): Dispatcher->_invoke(Object(PagesController), Object(CakeRequest), Object(CakeResponse))
#2 /home/ronaldo/projetosPHP/curso2/public_html/app/webroot/index.php(109): Dispatcher->dispatch(Object(CakeRequest), Object(CakeResponse))
#3 {main}
2013-04-07 22:48:17 Error: [MissingActionException] Action PagesController::quem-somos() could not be found.
Exception Attributes: array (
  'controller' => 'PagesController',
  'action' => 'quem-somos',
)
Request URL: /pages/quem-somos
Stack Trace:
#0 /home/ronaldo/projetosPHP/curso2/public_html/lib/Cake/Routing/Dispatcher.php(187): Controller->invokeAction(Object(CakeRequest))
#1 /home/ronaldo/projetosPHP/curso2/public_html/lib/Cake/Routing/Dispatcher.php(162): Dispatcher->_invoke(Object(PagesController), Object(CakeRequest), Object(CakeResponse))
#2 /home/ronaldo/projetosPHP/curso2/public_html/app/webroot/index.php(109): Dispatcher->dispatch(Object(CakeRequest), Object(CakeResponse))
#3 {main}
2013-04-07 22:48:24 Error: [MissingActionException] Action PagesController::quem-somos() could not be found.
Exception Attributes: array (
  'controller' => 'PagesController',
  'action' => 'quem-somos',
)
Request URL: /pages/quem-somos
Stack Trace:
#0 /home/ronaldo/projetosPHP/curso2/public_html/lib/Cake/Routing/Dispatcher.php(187): Controller->invokeAction(Object(CakeRequest))
#1 /home/ronaldo/projetosPHP/curso2/public_html/lib/Cake/Routing/Dispatcher.php(162): Dispatcher->_invoke(Object(PagesController), Object(CakeRequest), Object(CakeResponse))
#2 /home/ronaldo/projetosPHP/curso2/public_html/app/webroot/index.php(109): Dispatcher->dispatch(Object(CakeRequest), Object(CakeResponse))
#3 {main}
2013-04-08 17:01:49 Error: [MissingControllerException] Controller class Contact.htmlController could not be found.
Exception Attributes: array (
  'class' => 'Contact.htmlController',
  'plugin' => NULL,
)
Request URL: /contact.html
Stack Trace:
#0 /home/ronaldo/projetosPHP/curso2/public_html/app/webroot/index.php(109): Dispatcher->dispatch(Object(CakeRequest), Object(CakeResponse))
#1 {main}
2013-04-08 17:01:52 Error: [MissingControllerException] Controller class About.htmlController could not be found.
Exception Attributes: array (
  'class' => 'About.htmlController',
  'plugin' => NULL,
)
Request URL: /about.html
Stack Trace:
#0 /home/ronaldo/projetosPHP/curso2/public_html/app/webroot/index.php(109): Dispatcher->dispatch(Object(CakeRequest), Object(CakeResponse))
#1 {main}
2013-04-08 17:01:53 Error: [MissingControllerException] Controller class Services.htmlController could not be found.
Exception Attributes: array (
  'class' => 'Services.htmlController',
  'plugin' => NULL,
)
Request URL: /services.html
Stack Trace:
#0 /home/ronaldo/projetosPHP/curso2/public_html/app/webroot/index.php(109): Dispatcher->dispatch(Object(CakeRequest), Object(CakeResponse))
#1 {main}
2013-04-08 17:01:54 Error: [MissingControllerException] Controller class Index.htmlController could not be found.
Exception Attributes: array (
  'class' => 'Index.htmlController',
  'plugin' => NULL,
)
Request URL: /index.html
Stack Trace:
#0 /home/ronaldo/projetosPHP/curso2/public_html/app/webroot/index.php(109): Dispatcher->dispatch(Object(CakeRequest), Object(CakeResponse))
#1 {main}
2013-04-08 17:12:07 Error: [MissingControllerException] Controller class Services.htmlController could not be found.
Exception Attributes: array (
  'class' => 'Services.htmlController',
  'plugin' => NULL,
)
Request URL: /services.html
Stack Trace:
#0 /home/ronaldo/projetosPHP/curso2/public_html/app/webroot/index.php(109): Dispatcher->dispatch(Object(CakeRequest), Object(CakeResponse))
#1 {main}
2013-04-08 17:12:10 Error: [MissingControllerException] Controller class News.htmlController could not be found.
Exception Attributes: array (
  'class' => 'News.htmlController',
  'plugin' => NULL,
)
Request URL: /news.html
Stack Trace:
#0 /home/ronaldo/projetosPHP/curso2/public_html/app/webroot/index.php(109): Dispatcher->dispatch(Object(CakeRequest), Object(CakeResponse))
#1 {main}
2013-04-08 17:12:11 Error: [MissingControllerException] Controller class About.htmlController could not be found.
Exception Attributes: array (
  'class' => 'About.htmlController',
  'plugin' => NULL,
)
Request URL: /about.html
Stack Trace:
#0 /home/ronaldo/projetosPHP/curso2/public_html/app/webroot/index.php(109): Dispatcher->dispatch(Object(CakeRequest), Object(CakeResponse))
#1 {main}
2013-04-08 17:12:12 Error: [MissingControllerException] Controller class Contact.htmlController could not be found.
Exception Attributes: array (
  'class' => 'Contact.htmlController',
  'plugin' => NULL,
)
Request URL: /contact.html
Stack Trace:
#0 /home/ronaldo/projetosPHP/curso2/public_html/app/webroot/index.php(109): Dispatcher->dispatch(Object(CakeRequest), Object(CakeResponse))
#1 {main}
2013-04-08 17:12:13 Error: [MissingControllerException] Controller class Index.htmlController could not be found.
Exception Attributes: array (
  'class' => 'Index.htmlController',
  'plugin' => NULL,
)
Request URL: /index.html
Stack Trace:
#0 /home/ronaldo/projetosPHP/curso2/public_html/app/webroot/index.php(109): Dispatcher->dispatch(Object(CakeRequest), Object(CakeResponse))
#1 {main}
2013-04-08 17:20:18 Error: [MissingControllerException] Controller class Index.htmlController could not be found.
Exception Attributes: array (
  'class' => 'Index.htmlController',
  'plugin' => NULL,
)
Request URL: /index.html
Stack Trace:
#0 /home/ronaldo/projetosPHP/curso2/public_html/app/webroot/index.php(109): Dispatcher->dispatch(Object(CakeRequest), Object(CakeResponse))
#1 {main}
2013-04-08 17:20:22 Error: [MissingControllerException] Controller class Index.htmlController could not be found.
Exception Attributes: array (
  'class' => 'Index.htmlController',
  'plugin' => NULL,
)
Request URL: /index.html
Stack Trace:
#0 /home/ronaldo/projetosPHP/curso2/public_html/app/webroot/index.php(109): Dispatcher->dispatch(Object(CakeRequest), Object(CakeResponse))
#1 {main}
2013-04-08 17:20:35 Error: [MissingControllerException] Controller class IController could not be found.
Exception Attributes: array (
  'class' => 'IController',
  'plugin' => NULL,
)
Request URL: /i
Stack Trace:
#0 /home/ronaldo/projetosPHP/curso2/public_html/app/webroot/index.php(109): Dispatcher->dispatch(Object(CakeRequest), Object(CakeResponse))
#1 {main}
2013-04-08 17:20:42 Error: [MissingControllerException] Controller class Services.htmlController could not be found.
Exception Attributes: array (
  'class' => 'Services.htmlController',
  'plugin' => NULL,
)
Request URL: /services.html
Stack Trace:
#0 /home/ronaldo/projetosPHP/curso2/public_html/app/webroot/index.php(109): Dispatcher->dispatch(Object(CakeRequest), Object(CakeResponse))
#1 {main}
2013-04-08 17:20:43 Error: [MissingControllerException] Controller class Index.htmlController could not be found.
Exception Attributes: array (
  'class' => 'Index.htmlController',
  'plugin' => NULL,
)
Request URL: /index.html
Stack Trace:
#0 /home/ronaldo/projetosPHP/curso2/public_html/app/webroot/index.php(109): Dispatcher->dispatch(Object(CakeRequest), Object(CakeResponse))
#1 {main}
2013-04-08 18:04:23 Error: [MissingControllerException] Controller class Services.htmlController could not be found.
Exception Attributes: array (
  'class' => 'Services.htmlController',
  'plugin' => NULL,
)
Request URL: /services.html
Stack Trace:
#0 /home/ronaldo/projetosPHP/curso2/public_html/app/webroot/index.php(109): Dispatcher->dispatch(Object(CakeRequest), Object(CakeResponse))
#1 {main}
2013-04-08 18:04:24 Error: [MissingControllerException] Controller class Index.htmlController could not be found.
Exception Attributes: array (
  'class' => 'Index.htmlController',
  'plugin' => NULL,
)
Request URL: /index.html
Stack Trace:
#0 /home/ronaldo/projetosPHP/curso2/public_html/app/webroot/index.php(109): Dispatcher->dispatch(Object(CakeRequest), Object(CakeResponse))
#1 {main}
2013-04-08 18:04:25 Error: [MissingControllerException] Controller class Services.htmlController could not be found.
Exception Attributes: array (
  'class' => 'Services.htmlController',
  'plugin' => NULL,
)
Request URL: /services.html
Stack Trace:
#0 /home/ronaldo/projetosPHP/curso2/public_html/app/webroot/index.php(109): Dispatcher->dispatch(Object(CakeRequest), Object(CakeResponse))
#1 {main}
2013-04-08 18:04:27 Error: [MissingControllerException] Controller class Contact.htmlController could not be found.
Exception Attributes: array (
  'class' => 'Contact.htmlController',
  'plugin' => NULL,
)
Request URL: /contact.html
Stack Trace:
#0 /home/ronaldo/projetosPHP/curso2/public_html/app/webroot/index.php(109): Dispatcher->dispatch(Object(CakeRequest), Object(CakeResponse))
#1 {main}
2013-04-08 18:04:27 Error: [MissingControllerException] Controller class About.htmlController could not be found.
Exception Attributes: array (
  'class' => 'About.htmlController',
  'plugin' => NULL,
)
Request URL: /about.html
Stack Trace:
#0 /home/ronaldo/projetosPHP/curso2/public_html/app/webroot/index.php(109): Dispatcher->dispatch(Object(CakeRequest), Object(CakeResponse))
#1 {main}
2013-04-08 18:05:22 Error: [MissingControllerException] Controller class About.htmlController could not be found.
Exception Attributes: array (
  'class' => 'About.htmlController',
  'plugin' => NULL,
)
Request URL: /about.html
Stack Trace:
#0 /home/ronaldo/projetosPHP/curso2/public_html/app/webroot/index.php(109): Dispatcher->dispatch(Object(CakeRequest), Object(CakeResponse))
#1 {main}
2013-04-08 18:05:23 Error: [MissingControllerException] Controller class About.htmlController could not be found.
Exception Attributes: array (
  'class' => 'About.htmlController',
  'plugin' => NULL,
)
Request URL: /about.html
Stack Trace:
#0 /home/ronaldo/projetosPHP/curso2/public_html/app/webroot/index.php(109): Dispatcher->dispatch(Object(CakeRequest), Object(CakeResponse))
#1 {main}
2013-04-08 18:05:24 Error: [MissingControllerException] Controller class About.htmlController could not be found.
Exception Attributes: array (
  'class' => 'About.htmlController',
  'plugin' => NULL,
)
Request URL: /about.html
Stack Trace:
#0 /home/ronaldo/projetosPHP/curso2/public_html/app/webroot/index.php(109): Dispatcher->dispatch(Object(CakeRequest), Object(CakeResponse))
#1 {main}
2013-04-08 18:05:24 Error: [MissingControllerException] Controller class About.htmlController could not be found.
Exception Attributes: array (
  'class' => 'About.htmlController',
  'plugin' => NULL,
)
Request URL: /about.html
Stack Trace:
#0 /home/ronaldo/projetosPHP/curso2/public_html/app/webroot/index.php(109): Dispatcher->dispatch(Object(CakeRequest), Object(CakeResponse))
#1 {main}
2013-04-08 18:05:24 Error: [MissingControllerException] Controller class About.htmlController could not be found.
Exception Attributes: array (
  'class' => 'About.htmlController',
  'plugin' => NULL,
)
Request URL: /about.html
Stack Trace:
#0 /home/ronaldo/projetosPHP/curso2/public_html/app/webroot/index.php(109): Dispatcher->dispatch(Object(CakeRequest), Object(CakeResponse))
#1 {main}
2013-04-08 18:05:24 Error: [MissingControllerException] Controller class About.htmlController could not be found.
Exception Attributes: array (
  'class' => 'About.htmlController',
  'plugin' => NULL,
)
Request URL: /about.html
Stack Trace:
#0 /home/ronaldo/projetosPHP/curso2/public_html/app/webroot/index.php(109): Dispatcher->dispatch(Object(CakeRequest), Object(CakeResponse))
#1 {main}
2013-04-08 18:05:25 Error: [MissingControllerException] Controller class About.htmlController could not be found.
Exception Attributes: array (
  'class' => 'About.htmlController',
  'plugin' => NULL,
)
Request URL: /about.html
Stack Trace:
#0 /home/ronaldo/projetosPHP/curso2/public_html/app/webroot/index.php(109): Dispatcher->dispatch(Object(CakeRequest), Object(CakeResponse))
#1 {main}
2013-04-08 18:05:25 Error: [MissingControllerException] Controller class About.htmlController could not be found.
Exception Attributes: array (
  'class' => 'About.htmlController',
  'plugin' => NULL,
)
Request URL: /about.html
Stack Trace:
#0 /home/ronaldo/projetosPHP/curso2/public_html/app/webroot/index.php(109): Dispatcher->dispatch(Object(CakeRequest), Object(CakeResponse))
#1 {main}
2013-04-08 18:06:41 Error: [MissingControllerException] Controller class Services.htmlController could not be found.
Exception Attributes: array (
  'class' => 'Services.htmlController',
  'plugin' => NULL,
)
Request URL: /services.html
Stack Trace:
#0 /home/ronaldo/projetosPHP/curso2/public_html/app/webroot/index.php(109): Dispatcher->dispatch(Object(CakeRequest), Object(CakeResponse))
#1 {main}
2013-04-08 18:06:43 Error: [MissingControllerException] Controller class News.htmlController could not be found.
Exception Attributes: array (
  'class' => 'News.htmlController',
  'plugin' => NULL,
)
Request URL: /news.html
Stack Trace:
#0 /home/ronaldo/projetosPHP/curso2/public_html/app/webroot/index.php(109): Dispatcher->dispatch(Object(CakeRequest), Object(CakeResponse))
#1 {main}
2013-04-08 18:06:44 Error: [MissingControllerException] Controller class About.htmlController could not be found.
Exception Attributes: array (
  'class' => 'About.htmlController',
  'plugin' => NULL,
)
Request URL: /about.html
Stack Trace:
#0 /home/ronaldo/projetosPHP/curso2/public_html/app/webroot/index.php(109): Dispatcher->dispatch(Object(CakeRequest), Object(CakeResponse))
#1 {main}
2013-04-08 18:06:44 Error: [MissingControllerException] Controller class Contact.htmlController could not be found.
Exception Attributes: array (
  'class' => 'Contact.htmlController',
  'plugin' => NULL,
)
Request URL: /contact.html
Stack Trace:
#0 /home/ronaldo/projetosPHP/curso2/public_html/app/webroot/index.php(109): Dispatcher->dispatch(Object(CakeRequest), Object(CakeResponse))
#1 {main}
2013-04-08 18:06:45 Error: [MissingControllerException] Controller class Index.htmlController could not be found.
Exception Attributes: array (
  'class' => 'Index.htmlController',
  'plugin' => NULL,
)
Request URL: /index.html
Stack Trace:
#0 /home/ronaldo/projetosPHP/curso2/public_html/app/webroot/index.php(109): Dispatcher->dispatch(Object(CakeRequest), Object(CakeResponse))
#1 {main}
2013-04-08 18:07:04 Error: [MissingControllerException] Controller class Services.htmlController could not be found.
Exception Attributes: array (
  'class' => 'Services.htmlController',
  'plugin' => NULL,
)
Request URL: /services.html
Stack Trace:
#0 /home/ronaldo/projetosPHP/curso2/public_html/app/webroot/index.php(109): Dispatcher->dispatch(Object(CakeRequest), Object(CakeResponse))
#1 {main}
2013-04-08 21:27:20 Error: [MissingControllerException] Controller class Sobre-o-eventoController could not be found.
Exception Attributes: array (
  'class' => 'Sobre-o-eventoController',
  'plugin' => NULL,
)
Request URL: /sobre-o-evento
Stack Trace:
#0 /home/ronaldo/projetosPHP/curso2/public_html/app/webroot/index.php(109): Dispatcher->dispatch(Object(CakeRequest), Object(CakeResponse))
#1 {main}
2013-04-08 21:30:45 Error: [MissingControllerException] Controller class AgendaController could not be found.
Exception Attributes: array (
  'class' => 'AgendaController',
  'plugin' => NULL,
)
Request URL: /agenda
Stack Trace:
#0 /home/ronaldo/projetosPHP/curso2/public_html/app/webroot/index.php(109): Dispatcher->dispatch(Object(CakeRequest), Object(CakeResponse))
#1 {main}
2013-04-08 21:30:58 Error: [MissingControllerException] Controller class AgendaController could not be found.
Exception Attributes: array (
  'class' => 'AgendaController',
  'plugin' => NULL,
)
Request URL: /agenda
Stack Trace:
#0 /home/ronaldo/projetosPHP/curso2/public_html/app/webroot/index.php(109): Dispatcher->dispatch(Object(CakeRequest), Object(CakeResponse))
#1 {main}
2013-04-08 21:36:25 Error: [MissingActionException] Action PagesController::sobre() could not be found.
Exception Attributes: array (
  'controller' => 'PagesController',
  'action' => 'sobre',
)
Request URL: /pages/sobre
Stack Trace:
#0 /home/ronaldo/projetosPHP/curso2/public_html/lib/Cake/Routing/Dispatcher.php(187): Controller->invokeAction(Object(CakeRequest))
#1 /home/ronaldo/projetosPHP/curso2/public_html/lib/Cake/Routing/Dispatcher.php(162): Dispatcher->_invoke(Object(PagesController), Object(CakeRequest), Object(CakeResponse))
#2 /home/ronaldo/projetosPHP/curso2/public_html/app/webroot/index.php(109): Dispatcher->dispatch(Object(CakeRequest), Object(CakeResponse))
#3 {main}
2013-04-08 21:36:25 Error: [MissingActionException] Action PagesController::templatemo_style.css() could not be found.
Exception Attributes: array (
  'controller' => 'PagesController',
  'action' => 'templatemo_style.css',
)
Request URL: /pages/templatemo_style.css
Stack Trace:
#0 /home/ronaldo/projetosPHP/curso2/public_html/lib/Cake/Routing/Dispatcher.php(187): Controller->invokeAction(Object(CakeRequest))
#1 /home/ronaldo/projetosPHP/curso2/public_html/lib/Cake/Routing/Dispatcher.php(162): Dispatcher->_invoke(Object(PagesController), Object(CakeRequest), Object(CakeResponse))
#2 /home/ronaldo/projetosPHP/curso2/public_html/app/webroot/index.php(109): Dispatcher->dispatch(Object(CakeRequest), Object(CakeResponse))
#3 {main}
2013-04-08 21:36:27 Error: [MissingActionException] Action PagesController::sobre() could not be found.
Exception Attributes: array (
  'controller' => 'PagesController',
  'action' => 'sobre',
)
Request URL: /pages/sobre
Stack Trace:
#0 /home/ronaldo/projetosPHP/curso2/public_html/lib/Cake/Routing/Dispatcher.php(187): Controller->invokeAction(Object(CakeRequest))
#1 /home/ronaldo/projetosPHP/curso2/public_html/lib/Cake/Routing/Dispatcher.php(162): Dispatcher->_invoke(Object(PagesController), Object(CakeRequest), Object(CakeResponse))
#2 /home/ronaldo/projetosPHP/curso2/public_html/app/webroot/index.php(109): Dispatcher->dispatch(Object(CakeRequest), Object(CakeResponse))
#3 {main}
2013-04-08 21:36:27 Error: [MissingActionException] Action PagesController::templatemo_style.css() could not be found.
Exception Attributes: array (
  'controller' => 'PagesController',
  'action' => 'templatemo_style.css',
)
Request URL: /pages/templatemo_style.css
Stack Trace:
#0 /home/ronaldo/projetosPHP/curso2/public_html/lib/Cake/Routing/Dispatcher.php(187): Controller->invokeAction(Object(CakeRequest))
#1 /home/ronaldo/projetosPHP/curso2/public_html/lib/Cake/Routing/Dispatcher.php(162): Dispatcher->_invoke(Object(PagesController), Object(CakeRequest), Object(CakeResponse))
#2 /home/ronaldo/projetosPHP/curso2/public_html/app/webroot/index.php(109): Dispatcher->dispatch(Object(CakeRequest), Object(CakeResponse))
#3 {main}
2013-04-08 21:36:27 Error: [MissingActionException] Action PagesController::sobre() could not be found.
Exception Attributes: array (
  'controller' => 'PagesController',
  'action' => 'sobre',
)
Request URL: /pages/sobre
Stack Trace:
#0 /home/ronaldo/projetosPHP/curso2/public_html/lib/Cake/Routing/Dispatcher.php(187): Controller->invokeAction(Object(CakeRequest))
#1 /home/ronaldo/projetosPHP/curso2/public_html/lib/Cake/Routing/Dispatcher.php(162): Dispatcher->_invoke(Object(PagesController), Object(CakeRequest), Object(CakeResponse))
#2 /home/ronaldo/projetosPHP/curso2/public_html/app/webroot/index.php(109): Dispatcher->dispatch(Object(CakeRequest), Object(CakeResponse))
#3 {main}
2013-04-08 21:36:28 Error: [MissingActionException] Action PagesController::templatemo_style.css() could not be found.
Exception Attributes: array (
  'controller' => 'PagesController',
  'action' => 'templatemo_style.css',
)
Request URL: /pages/templatemo_style.css
Stack Trace:
#0 /home/ronaldo/projetosPHP/curso2/public_html/lib/Cake/Routing/Dispatcher.php(187): Controller->invokeAction(Object(CakeRequest))
#1 /home/ronaldo/projetosPHP/curso2/public_html/lib/Cake/Routing/Dispatcher.php(162): Dispatcher->_invoke(Object(PagesController), Object(CakeRequest), Object(CakeResponse))
#2 /home/ronaldo/projetosPHP/curso2/public_html/app/webroot/index.php(109): Dispatcher->dispatch(Object(CakeRequest), Object(CakeResponse))
#3 {main}
2013-04-08 21:36:28 Error: [MissingActionException] Action PagesController::sobre() could not be found.
Exception Attributes: array (
  'controller' => 'PagesController',
  'action' => 'sobre',
)
Request URL: /pages/sobre
Stack Trace:
#0 /home/ronaldo/projetosPHP/curso2/public_html/lib/Cake/Routing/Dispatcher.php(187): Controller->invokeAction(Object(CakeRequest))
#1 /home/ronaldo/projetosPHP/curso2/public_html/lib/Cake/Routing/Dispatcher.php(162): Dispatcher->_invoke(Object(PagesController), Object(CakeRequest), Object(CakeResponse))
#2 /home/ronaldo/projetosPHP/curso2/public_html/app/webroot/index.php(109): Dispatcher->dispatch(Object(CakeRequest), Object(CakeResponse))
#3 {main}
2013-04-08 21:36:28 Error: [MissingActionException] Action PagesController::templatemo_style.css() could not be found.
Exception Attributes: array (
  'controller' => 'PagesController',
  'action' => 'templatemo_style.css',
)
Request URL: /pages/templatemo_style.css
Stack Trace:
#0 /home/ronaldo/projetosPHP/curso2/public_html/lib/Cake/Routing/Dispatcher.php(187): Controller->invokeAction(Object(CakeRequest))
#1 /home/ronaldo/projetosPHP/curso2/public_html/lib/Cake/Routing/Dispatcher.php(162): Dispatcher->_invoke(Object(PagesController), Object(CakeRequest), Object(CakeResponse))
#2 /home/ronaldo/projetosPHP/curso2/public_html/app/webroot/index.php(109): Dispatcher->dispatch(Object(CakeRequest), Object(CakeResponse))
#3 {main}
2013-04-08 21:36:28 Error: [MissingActionException] Action PagesController::sobre() could not be found.
Exception Attributes: array (
  'controller' => 'PagesController',
  'action' => 'sobre',
)
Request URL: /pages/sobre
Stack Trace:
#0 /home/ronaldo/projetosPHP/curso2/public_html/lib/Cake/Routing/Dispatcher.php(187): Controller->invokeAction(Object(CakeRequest))
#1 /home/ronaldo/projetosPHP/curso2/public_html/lib/Cake/Routing/Dispatcher.php(162): Dispatcher->_invoke(Object(PagesController), Object(CakeRequest), Object(CakeResponse))
#2 /home/ronaldo/projetosPHP/curso2/public_html/app/webroot/index.php(109): Dispatcher->dispatch(Object(CakeRequest), Object(CakeResponse))
#3 {main}
2013-04-08 21:36:28 Error: [MissingActionException] Action PagesController::templatemo_style.css() could not be found.
Exception Attributes: array (
  'controller' => 'PagesController',
  'action' => 'templatemo_style.css',
)
Request URL: /pages/templatemo_style.css
Stack Trace:
#0 /home/ronaldo/projetosPHP/curso2/public_html/lib/Cake/Routing/Dispatcher.php(187): Controller->invokeAction(Object(CakeRequest))
#1 /home/ronaldo/projetosPHP/curso2/public_html/lib/Cake/Routing/Dispatcher.php(162): Dispatcher->_invoke(Object(PagesController), Object(CakeRequest), Object(CakeResponse))
#2 /home/ronaldo/projetosPHP/curso2/public_html/app/webroot/index.php(109): Dispatcher->dispatch(Object(CakeRequest), Object(CakeResponse))
#3 {main}
2013-04-08 21:36:28 Error: [MissingActionException] Action PagesController::sobre() could not be found.
Exception Attributes: array (
  'controller' => 'PagesController',
  'action' => 'sobre',
)
Request URL: /pages/sobre
Stack Trace:
#0 /home/ronaldo/projetosPHP/curso2/public_html/lib/Cake/Routing/Dispatcher.php(187): Controller->invokeAction(Object(CakeRequest))
#1 /home/ronaldo/projetosPHP/curso2/public_html/lib/Cake/Routing/Dispatcher.php(162): Dispatcher->_invoke(Object(PagesController), Object(CakeRequest), Object(CakeResponse))
#2 /home/ronaldo/projetosPHP/curso2/public_html/app/webroot/index.php(109): Dispatcher->dispatch(Object(CakeRequest), Object(CakeResponse))
#3 {main}
2013-04-08 21:36:28 Error: [MissingActionException] Action PagesController::templatemo_style.css() could not be found.
Exception Attributes: array (
  'controller' => 'PagesController',
  'action' => 'templatemo_style.css',
)
Request URL: /pages/templatemo_style.css
Stack Trace:
#0 /home/ronaldo/projetosPHP/curso2/public_html/lib/Cake/Routing/Dispatcher.php(187): Controller->invokeAction(Object(CakeRequest))
#1 /home/ronaldo/projetosPHP/curso2/public_html/lib/Cake/Routing/Dispatcher.php(162): Dispatcher->_invoke(Object(PagesController), Object(CakeRequest), Object(CakeResponse))
#2 /home/ronaldo/projetosPHP/curso2/public_html/app/webroot/index.php(109): Dispatcher->dispatch(Object(CakeRequest), Object(CakeResponse))
#3 {main}
2013-04-08 21:36:29 Error: [MissingActionException] Action PagesController::sobre() could not be found.
Exception Attributes: array (
  'controller' => 'PagesController',
  'action' => 'sobre',
)
Request URL: /pages/sobre
Stack Trace:
#0 /home/ronaldo/projetosPHP/curso2/public_html/lib/Cake/Routing/Dispatcher.php(187): Controller->invokeAction(Object(CakeRequest))
#1 /home/ronaldo/projetosPHP/curso2/public_html/lib/Cake/Routing/Dispatcher.php(162): Dispatcher->_invoke(Object(PagesController), Object(CakeRequest), Object(CakeResponse))
#2 /home/ronaldo/projetosPHP/curso2/public_html/app/webroot/index.php(109): Dispatcher->dispatch(Object(CakeRequest), Object(CakeResponse))
#3 {main}
2013-04-08 21:36:29 Error: [MissingActionException] Action PagesController::templatemo_style.css() could not be found.
Exception Attributes: array (
  'controller' => 'PagesController',
  'action' => 'templatemo_style.css',
)
Request URL: /pages/templatemo_style.css
Stack Trace:
#0 /home/ronaldo/projetosPHP/curso2/public_html/lib/Cake/Routing/Dispatcher.php(187): Controller->invokeAction(Object(CakeRequest))
#1 /home/ronaldo/projetosPHP/curso2/public_html/lib/Cake/Routing/Dispatcher.php(162): Dispatcher->_invoke(Object(PagesController), Object(CakeRequest), Object(CakeResponse))
#2 /home/ronaldo/projetosPHP/curso2/public_html/app/webroot/index.php(109): Dispatcher->dispatch(Object(CakeRequest), Object(CakeResponse))
#3 {main}
2013-04-08 21:36:29 Error: [MissingActionException] Action PagesController::sobre() could not be found.
Exception Attributes: array (
  'controller' => 'PagesController',
  'action' => 'sobre',
)
Request URL: /pages/sobre
Stack Trace:
#0 /home/ronaldo/projetosPHP/curso2/public_html/lib/Cake/Routing/Dispatcher.php(187): Controller->invokeAction(Object(CakeRequest))
#1 /home/ronaldo/projetosPHP/curso2/public_html/lib/Cake/Routing/Dispatcher.php(162): Dispatcher->_invoke(Object(PagesController), Object(CakeRequest), Object(CakeResponse))
#2 /home/ronaldo/projetosPHP/curso2/public_html/app/webroot/index.php(109): Dispatcher->dispatch(Object(CakeRequest), Object(CakeResponse))
#3 {main}
2013-04-08 21:36:29 Error: [MissingActionException] Action PagesController::templatemo_style.css() could not be found.
Exception Attributes: array (
  'controller' => 'PagesController',
  'action' => 'templatemo_style.css',
)
Request URL: /pages/templatemo_style.css
Stack Trace:
#0 /home/ronaldo/projetosPHP/curso2/public_html/lib/Cake/Routing/Dispatcher.php(187): Controller->invokeAction(Object(CakeRequest))
#1 /home/ronaldo/projetosPHP/curso2/public_html/lib/Cake/Routing/Dispatcher.php(162): Dispatcher->_invoke(Object(PagesController), Object(CakeRequest), Object(CakeResponse))
#2 /home/ronaldo/projetosPHP/curso2/public_html/app/webroot/index.php(109): Dispatcher->dispatch(Object(CakeRequest), Object(CakeResponse))
#3 {main}
2013-04-08 21:36:29 Error: [MissingActionException] Action PagesController::sobre() could not be found.
Exception Attributes: array (
  'controller' => 'PagesController',
  'action' => 'sobre',
)
Request URL: /pages/sobre
Stack Trace:
#0 /home/ronaldo/projetosPHP/curso2/public_html/lib/Cake/Routing/Dispatcher.php(187): Controller->invokeAction(Object(CakeRequest))
#1 /home/ronaldo/projetosPHP/curso2/public_html/lib/Cake/Routing/Dispatcher.php(162): Dispatcher->_invoke(Object(PagesController), Object(CakeRequest), Object(CakeResponse))
#2 /home/ronaldo/projetosPHP/curso2/public_html/app/webroot/index.php(109): Dispatcher->dispatch(Object(CakeRequest), Object(CakeResponse))
#3 {main}
2013-04-08 21:36:29 Error: [MissingActionException] Action PagesController::templatemo_style.css() could not be found.
Exception Attributes: array (
  'controller' => 'PagesController',
  'action' => 'templatemo_style.css',
)
Request URL: /pages/templatemo_style.css
Stack Trace:
#0 /home/ronaldo/projetosPHP/curso2/public_html/lib/Cake/Routing/Dispatcher.php(187): Controller->invokeAction(Object(CakeRequest))
#1 /home/ronaldo/projetosPHP/curso2/public_html/lib/Cake/Routing/Dispatcher.php(162): Dispatcher->_invoke(Object(PagesController), Object(CakeRequest), Object(CakeResponse))
#2 /home/ronaldo/projetosPHP/curso2/public_html/app/webroot/index.php(109): Dispatcher->dispatch(Object(CakeRequest), Object(CakeResponse))
#3 {main}
2013-04-08 21:36:29 Error: [MissingActionException] Action PagesController::sobre() could not be found.
Exception Attributes: array (
  'controller' => 'PagesController',
  'action' => 'sobre',
)
Request URL: /pages/sobre
Stack Trace:
#0 /home/ronaldo/projetosPHP/curso2/public_html/lib/Cake/Routing/Dispatcher.php(187): Controller->invokeAction(Object(CakeRequest))
#1 /home/ronaldo/projetosPHP/curso2/public_html/lib/Cake/Routing/Dispatcher.php(162): Dispatcher->_invoke(Object(PagesController), Object(CakeRequest), Object(CakeResponse))
#2 /home/ronaldo/projetosPHP/curso2/public_html/app/webroot/index.php(109): Dispatcher->dispatch(Object(CakeRequest), Object(CakeResponse))
#3 {main}
2013-04-08 21:36:29 Error: [MissingActionException] Action PagesController::templatemo_style.css() could not be found.
Exception Attributes: array (
  'controller' => 'PagesController',
  'action' => 'templatemo_style.css',
)
Request URL: /pages/templatemo_style.css
Stack Trace:
#0 /home/ronaldo/projetosPHP/curso2/public_html/lib/Cake/Routing/Dispatcher.php(187): Controller->invokeAction(Object(CakeRequest))
#1 /home/ronaldo/projetosPHP/curso2/public_html/lib/Cake/Routing/Dispatcher.php(162): Dispatcher->_invoke(Object(PagesController), Object(CakeRequest), Object(CakeResponse))
#2 /home/ronaldo/projetosPHP/curso2/public_html/app/webroot/index.php(109): Dispatcher->dispatch(Object(CakeRequest), Object(CakeResponse))
#3 {main}
2013-04-08 21:36:29 Error: [MissingActionException] Action PagesController::sobre() could not be found.
Exception Attributes: array (
  'controller' => 'PagesController',
  'action' => 'sobre',
)
Request URL: /pages/sobre
Stack Trace:
#0 /home/ronaldo/projetosPHP/curso2/public_html/lib/Cake/Routing/Dispatcher.php(187): Controller->invokeAction(Object(CakeRequest))
#1 /home/ronaldo/projetosPHP/curso2/public_html/lib/Cake/Routing/Dispatcher.php(162): Dispatcher->_invoke(Object(PagesController), Object(CakeRequest), Object(CakeResponse))
#2 /home/ronaldo/projetosPHP/curso2/public_html/app/webroot/index.php(109): Dispatcher->dispatch(Object(CakeRequest), Object(CakeResponse))
#3 {main}
2013-04-08 21:36:29 Error: [MissingActionException] Action PagesController::templatemo_style.css() could not be found.
Exception Attributes: array (
  'controller' => 'PagesController',
  'action' => 'templatemo_style.css',
)
Request URL: /pages/templatemo_style.css
Stack Trace:
#0 /home/ronaldo/projetosPHP/curso2/public_html/lib/Cake/Routing/Dispatcher.php(187): Controller->invokeAction(Object(CakeRequest))
#1 /home/ronaldo/projetosPHP/curso2/public_html/lib/Cake/Routing/Dispatcher.php(162): Dispatcher->_invoke(Object(PagesController), Object(CakeRequest), Object(CakeResponse))
#2 /home/ronaldo/projetosPHP/curso2/public_html/app/webroot/index.php(109): Dispatcher->dispatch(Object(CakeRequest), Object(CakeResponse))
#3 {main}
2013-04-08 21:36:30 Error: [MissingActionException] Action PagesController::sobre() could not be found.
Exception Attributes: array (
  'controller' => 'PagesController',
  'action' => 'sobre',
)
Request URL: /pages/sobre
Stack Trace:
#0 /home/ronaldo/projetosPHP/curso2/public_html/lib/Cake/Routing/Dispatcher.php(187): Controller->invokeAction(Object(CakeRequest))
#1 /home/ronaldo/projetosPHP/curso2/public_html/lib/Cake/Routing/Dispatcher.php(162): Dispatcher->_invoke(Object(PagesController), Object(CakeRequest), Object(CakeResponse))
#2 /home/ronaldo/projetosPHP/curso2/public_html/app/webroot/index.php(109): Dispatcher->dispatch(Object(CakeRequest), Object(CakeResponse))
#3 {main}
2013-04-08 21:36:30 Error: [MissingActionException] Action PagesController::templatemo_style.css() could not be found.
Exception Attributes: array (
  'controller' => 'PagesController',
  'action' => 'templatemo_style.css',
)
Request URL: /pages/templatemo_style.css
Stack Trace:
#0 /home/ronaldo/projetosPHP/curso2/public_html/lib/Cake/Routing/Dispatcher.php(187): Controller->invokeAction(Object(CakeRequest))
#1 /home/ronaldo/projetosPHP/curso2/public_html/lib/Cake/Routing/Dispatcher.php(162): Dispatcher->_invoke(Object(PagesController), Object(CakeRequest), Object(CakeResponse))
#2 /home/ronaldo/projetosPHP/curso2/public_html/app/webroot/index.php(109): Dispatcher->dispatch(Object(CakeRequest), Object(CakeResponse))
#3 {main}
2013-04-08 21:36:30 Error: [MissingActionException] Action PagesController::sobre() could not be found.
Exception Attributes: array (
  'controller' => 'PagesController',
  'action' => 'sobre',
)
Request URL: /pages/sobre
Stack Trace:
#0 /home/ronaldo/projetosPHP/curso2/public_html/lib/Cake/Routing/Dispatcher.php(187): Controller->invokeAction(Object(CakeRequest))
#1 /home/ronaldo/projetosPHP/curso2/public_html/lib/Cake/Routing/Dispatcher.php(162): Dispatcher->_invoke(Object(PagesController), Object(CakeRequest), Object(CakeResponse))
#2 /home/ronaldo/projetosPHP/curso2/public_html/app/webroot/index.php(109): Dispatcher->dispatch(Object(CakeRequest), Object(CakeResponse))
#3 {main}
2013-04-08 21:36:30 Error: [MissingActionException] Action PagesController::templatemo_style.css() could not be found.
Exception Attributes: array (
  'controller' => 'PagesController',
  'action' => 'templatemo_style.css',
)
Request URL: /pages/templatemo_style.css
Stack Trace:
#0 /home/ronaldo/projetosPHP/curso2/public_html/lib/Cake/Routing/Dispatcher.php(187): Controller->invokeAction(Object(CakeRequest))
#1 /home/ronaldo/projetosPHP/curso2/public_html/lib/Cake/Routing/Dispatcher.php(162): Dispatcher->_invoke(Object(PagesController), Object(CakeRequest), Object(CakeResponse))
#2 /home/ronaldo/projetosPHP/curso2/public_html/app/webroot/index.php(109): Dispatcher->dispatch(Object(CakeRequest), Object(CakeResponse))
#3 {main}
2013-04-08 21:36:30 Error: [MissingActionException] Action PagesController::sobre() could not be found.
Exception Attributes: array (
  'controller' => 'PagesController',
  'action' => 'sobre',
)
Request URL: /pages/sobre
Stack Trace:
#0 /home/ronaldo/projetosPHP/curso2/public_html/lib/Cake/Routing/Dispatcher.php(187): Controller->invokeAction(Object(CakeRequest))
#1 /home/ronaldo/projetosPHP/curso2/public_html/lib/Cake/Routing/Dispatcher.php(162): Dispatcher->_invoke(Object(PagesController), Object(CakeRequest), Object(CakeResponse))
#2 /home/ronaldo/projetosPHP/curso2/public_html/app/webroot/index.php(109): Dispatcher->dispatch(Object(CakeRequest), Object(CakeResponse))
#3 {main}
2013-04-08 21:36:30 Error: [MissingActionException] Action PagesController::templatemo_style.css() could not be found.
Exception Attributes: array (
  'controller' => 'PagesController',
  'action' => 'templatemo_style.css',
)
Request URL: /pages/templatemo_style.css
Stack Trace:
#0 /home/ronaldo/projetosPHP/curso2/public_html/lib/Cake/Routing/Dispatcher.php(187): Controller->invokeAction(Object(CakeRequest))
#1 /home/ronaldo/projetosPHP/curso2/public_html/lib/Cake/Routing/Dispatcher.php(162): Dispatcher->_invoke(Object(PagesController), Object(CakeRequest), Object(CakeResponse))
#2 /home/ronaldo/projetosPHP/curso2/public_html/app/webroot/index.php(109): Dispatcher->dispatch(Object(CakeRequest), Object(CakeResponse))
#3 {main}
2013-04-08 21:36:30 Error: [MissingActionException] Action PagesController::sobre() could not be found.
Exception Attributes: array (
  'controller' => 'PagesController',
  'action' => 'sobre',
)
Request URL: /pages/sobre
Stack Trace:
#0 /home/ronaldo/projetosPHP/curso2/public_html/lib/Cake/Routing/Dispatcher.php(187): Controller->invokeAction(Object(CakeRequest))
#1 /home/ronaldo/projetosPHP/curso2/public_html/lib/Cake/Routing/Dispatcher.php(162): Dispatcher->_invoke(Object(PagesController), Object(CakeRequest), Object(CakeResponse))
#2 /home/ronaldo/projetosPHP/curso2/public_html/app/webroot/index.php(109): Dispatcher->dispatch(Object(CakeRequest), Object(CakeResponse))
#3 {main}
2013-04-08 21:36:30 Error: [MissingActionException] Action PagesController::templatemo_style.css() could not be found.
Exception Attributes: array (
  'controller' => 'PagesController',
  'action' => 'templatemo_style.css',
)
Request URL: /pages/templatemo_style.css
Stack Trace:
#0 /home/ronaldo/projetosPHP/curso2/public_html/lib/Cake/Routing/Dispatcher.php(187): Controller->invokeAction(Object(CakeRequest))
#1 /home/ronaldo/projetosPHP/curso2/public_html/lib/Cake/Routing/Dispatcher.php(162): Dispatcher->_invoke(Object(PagesController), Object(CakeRequest), Object(CakeResponse))
#2 /home/ronaldo/projetosPHP/curso2/public_html/app/webroot/index.php(109): Dispatcher->dispatch(Object(CakeRequest), Object(CakeResponse))
#3 {main}
2013-04-08 21:36:30 Error: [MissingActionException] Action PagesController::sobre() could not be found.
Exception Attributes: array (
  'controller' => 'PagesController',
  'action' => 'sobre',
)
Request URL: /pages/sobre
Stack Trace:
#0 /home/ronaldo/projetosPHP/curso2/public_html/lib/Cake/Routing/Dispatcher.php(187): Controller->invokeAction(Object(CakeRequest))
#1 /home/ronaldo/projetosPHP/curso2/public_html/lib/Cake/Routing/Dispatcher.php(162): Dispatcher->_invoke(Object(PagesController), Object(CakeRequest), Object(CakeResponse))
#2 /home/ronaldo/projetosPHP/curso2/public_html/app/webroot/index.php(109): Dispatcher->dispatch(Object(CakeRequest), Object(CakeResponse))
#3 {main}
2013-04-08 21:36:30 Error: [MissingActionException] Action PagesController::templatemo_style.css() could not be found.
Exception Attributes: array (
  'controller' => 'PagesController',
  'action' => 'templatemo_style.css',
)
Request URL: /pages/templatemo_style.css
Stack Trace:
#0 /home/ronaldo/projetosPHP/curso2/public_html/lib/Cake/Routing/Dispatcher.php(187): Controller->invokeAction(Object(CakeRequest))
#1 /home/ronaldo/projetosPHP/curso2/public_html/lib/Cake/Routing/Dispatcher.php(162): Dispatcher->_invoke(Object(PagesController), Object(CakeRequest), Object(CakeResponse))
#2 /home/ronaldo/projetosPHP/curso2/public_html/app/webroot/index.php(109): Dispatcher->dispatch(Object(CakeRequest), Object(CakeResponse))
#3 {main}
2013-04-08 21:36:47 Error: [MissingActionException] Action PagesController::sobre() could not be found.
Exception Attributes: array (
  'controller' => 'PagesController',
  'action' => 'sobre',
)
Request URL: /pages/sobre
Stack Trace:
#0 /home/ronaldo/projetosPHP/curso2/public_html/lib/Cake/Routing/Dispatcher.php(187): Controller->invokeAction(Object(CakeRequest))
#1 /home/ronaldo/projetosPHP/curso2/public_html/lib/Cake/Routing/Dispatcher.php(162): Dispatcher->_invoke(Object(PagesController), Object(CakeRequest), Object(CakeResponse))
#2 /home/ronaldo/projetosPHP/curso2/public_html/app/webroot/index.php(109): Dispatcher->dispatch(Object(CakeRequest), Object(CakeResponse))
#3 {main}
2013-04-08 21:38:15 Error: [MissingActionException] Action PagesController::sobre() could not be found.
Exception Attributes: array (
  'controller' => 'PagesController',
  'action' => 'sobre',
)
Request URL: /pages/sobre
Stack Trace:
#0 /home/ronaldo/projetosPHP/curso2/public_html/lib/Cake/Routing/Dispatcher.php(187): Controller->invokeAction(Object(CakeRequest))
#1 /home/ronaldo/projetosPHP/curso2/public_html/lib/Cake/Routing/Dispatcher.php(162): Dispatcher->_invoke(Object(PagesController), Object(CakeRequest), Object(CakeResponse))
#2 /home/ronaldo/projetosPHP/curso2/public_html/app/webroot/index.php(109): Dispatcher->dispatch(Object(CakeRequest), Object(CakeResponse))
#3 {main}
2013-04-08 21:38:16 Error: [MissingActionException] Action PagesController::sobre() could not be found.
Exception Attributes: array (
  'controller' => 'PagesController',
  'action' => 'sobre',
)
Request URL: /pages/sobre
Stack Trace:
#0 /home/ronaldo/projetosPHP/curso2/public_html/lib/Cake/Routing/Dispatcher.php(187): Controller->invokeAction(Object(CakeRequest))
#1 /home/ronaldo/projetosPHP/curso2/public_html/lib/Cake/Routing/Dispatcher.php(162): Dispatcher->_invoke(Object(PagesController), Object(CakeRequest), Object(CakeResponse))
#2 /home/ronaldo/projetosPHP/curso2/public_html/app/webroot/index.php(109): Dispatcher->dispatch(Object(CakeRequest), Object(CakeResponse))
#3 {main}
2013-04-08 21:38:17 Error: [MissingActionException] Action PagesController::sobre() could not be found.
Exception Attributes: array (
  'controller' => 'PagesController',
  'action' => 'sobre',
)
Request URL: /pages/sobre
Stack Trace:
#0 /home/ronaldo/projetosPHP/curso2/public_html/lib/Cake/Routing/Dispatcher.php(187): Controller->invokeAction(Object(CakeRequest))
#1 /home/ronaldo/projetosPHP/curso2/public_html/lib/Cake/Routing/Dispatcher.php(162): Dispatcher->_invoke(Object(PagesController), Object(CakeRequest), Object(CakeResponse))
#2 /home/ronaldo/projetosPHP/curso2/public_html/app/webroot/index.php(109): Dispatcher->dispatch(Object(CakeRequest), Object(CakeResponse))
#3 {main}
2013-04-08 21:38:17 Error: [MissingActionException] Action PagesController::sobre() could not be found.
Exception Attributes: array (
  'controller' => 'PagesController',
  'action' => 'sobre',
)
Request URL: /pages/sobre
Stack Trace:
#0 /home/ronaldo/projetosPHP/curso2/public_html/lib/Cake/Routing/Dispatcher.php(187): Controller->invokeAction(Object(CakeRequest))
#1 /home/ronaldo/projetosPHP/curso2/public_html/lib/Cake/Routing/Dispatcher.php(162): Dispatcher->_invoke(Object(PagesController), Object(CakeRequest), Object(CakeResponse))
#2 /home/ronaldo/projetosPHP/curso2/public_html/app/webroot/index.php(109): Dispatcher->dispatch(Object(CakeRequest), Object(CakeResponse))
#3 {main}
2013-04-08 21:38:20 Error: [MissingControllerException] Controller class SobreController could not be found.
Exception Attributes: array (
  'class' => 'SobreController',
  'plugin' => NULL,
)
Request URL: /sobre
Stack Trace:
#0 /home/ronaldo/projetosPHP/curso2/public_html/app/webroot/index.php(109): Dispatcher->dispatch(Object(CakeRequest), Object(CakeResponse))
#1 {main}
2013-04-08 23:05:10 Error: Fatal Error (1): Call to undefined method Router::compact() in [/home/ronaldo/projetosPHP/curso2/public_html/app/Config/routes.php, line 38]
2013-04-08 23:05:10 Error: [FatalErrorException] Call to undefined method Router::compact()
Request URL: /agenda
Stack Trace:
#0 /home/ronaldo/projetosPHP/curso2/public_html/lib/Cake/Error/ErrorHandler.php(184): ErrorHandler::handleFatalError(1, 'Call to undefin...', '/home/ronaldo/p...', 38)
#1 [internal function]: ErrorHandler::handleError(1, 'Call to undefin...', '/home/ronaldo/p...', 38, Array)
#2 /home/ronaldo/projetosPHP/curso2/public_html/lib/Cake/Core/App.php(927): call_user_func('ErrorHandler::h...', 1, 'Call to undefin...', '/home/ronaldo/p...', 38, Array)
#3 /home/ronaldo/projetosPHP/curso2/public_html/lib/Cake/Core/App.php(900): App::_checkFatalError()
#4 [internal function]: App::shutdown()
#5 {main}
2013-04-08 23:05:21 Error: Fatal Error (1): Call to undefined method Router::compact() in [/home/ronaldo/projetosPHP/curso2/public_html/app/Config/routes.php, line 38]
2013-04-08 23:05:21 Error: [FatalErrorException] Call to undefined method Router::compact()
Request URL: /agenda
Stack Trace:
#0 /home/ronaldo/projetosPHP/curso2/public_html/lib/Cake/Error/ErrorHandler.php(184): ErrorHandler::handleFatalError(1, 'Call to undefin...', '/home/ronaldo/p...', 38)
#1 [internal function]: ErrorHandler::handleError(1, 'Call to undefin...', '/home/ronaldo/p...', 38, Array)
#2 /home/ronaldo/projetosPHP/curso2/public_html/lib/Cake/Core/App.php(927): call_user_func('ErrorHandler::h...', 1, 'Call to undefin...', '/home/ronaldo/p...', 38, Array)
#3 /home/ronaldo/projetosPHP/curso2/public_html/lib/Cake/Core/App.php(900): App::_checkFatalError()
#4 [internal function]: App::shutdown()
#5 {main}
2013-04-08 23:05:24 Error: Fatal Error (1): Call to undefined method Router::compact() in [/home/ronaldo/projetosPHP/curso2/public_html/app/Config/routes.php, line 38]
2013-04-08 23:05:24 Error: [FatalErrorException] Call to undefined method Router::compact()
Request URL: /agenda
Stack Trace:
#0 /home/ronaldo/projetosPHP/curso2/public_html/lib/Cake/Error/ErrorHandler.php(184): ErrorHandler::handleFatalError(1, 'Call to undefin...', '/home/ronaldo/p...', 38)
#1 [internal function]: ErrorHandler::handleError(1, 'Call to undefin...', '/home/ronaldo/p...', 38, Array)
#2 /home/ronaldo/projetosPHP/curso2/public_html/lib/Cake/Core/App.php(927): call_user_func('ErrorHandler::h...', 1, 'Call to undefin...', '/home/ronaldo/p...', 38, Array)
#3 /home/ronaldo/projetosPHP/curso2/public_html/lib/Cake/Core/App.php(900): App::_checkFatalError()
#4 [internal function]: App::shutdown()
#5 {main}
2013-04-08 23:05:25 Error: Fatal Error (1): Call to undefined method Router::compact() in [/home/ronaldo/projetosPHP/curso2/public_html/app/Config/routes.php, line 38]
2013-04-08 23:05:25 Error: [FatalErrorException] Call to undefined method Router::compact()
Request URL: /agenda
Stack Trace:
#0 /home/ronaldo/projetosPHP/curso2/public_html/lib/Cake/Error/ErrorHandler.php(184): ErrorHandler::handleFatalError(1, 'Call to undefin...', '/home/ronaldo/p...', 38)
#1 [internal function]: ErrorHandler::handleError(1, 'Call to undefin...', '/home/ronaldo/p...', 38, Array)
#2 /home/ronaldo/projetosPHP/curso2/public_html/lib/Cake/Core/App.php(927): call_user_func('ErrorHandler::h...', 1, 'Call to undefin...', '/home/ronaldo/p...', 38, Array)
#3 /home/ronaldo/projetosPHP/curso2/public_html/lib/Cake/Core/App.php(900): App::_checkFatalError()
#4 [internal function]: App::shutdown()
#5 {main}
2013-04-08 23:05:25 Error: Fatal Error (1): Call to undefined method Router::compact() in [/home/ronaldo/projetosPHP/curso2/public_html/app/Config/routes.php, line 38]
2013-04-08 23:05:25 Error: [FatalErrorException] Call to undefined method Router::compact()
Request URL: /agenda
Stack Trace:
#0 /home/ronaldo/projetosPHP/curso2/public_html/lib/Cake/Error/ErrorHandler.php(184): ErrorHandler::handleFatalError(1, 'Call to undefin...', '/home/ronaldo/p...', 38)
#1 [internal function]: ErrorHandler::handleError(1, 'Call to undefin...', '/home/ronaldo/p...', 38, Array)
#2 /home/ronaldo/projetosPHP/curso2/public_html/lib/Cake/Core/App.php(927): call_user_func('ErrorHandler::h...', 1, 'Call to undefin...', '/home/ronaldo/p...', 38, Array)
#3 /home/ronaldo/projetosPHP/curso2/public_html/lib/Cake/Core/App.php(900): App::_checkFatalError()
#4 [internal function]: App::shutdown()
#5 {main}
2013-04-08 23:05:26 Error: Fatal Error (1): Call to undefined method Router::compact() in [/home/ronaldo/projetosPHP/curso2/public_html/app/Config/routes.php, line 38]
2013-04-08 23:05:26 Error: [FatalErrorException] Call to undefined method Router::compact()
Request URL: /agenda
Stack Trace:
#0 /home/ronaldo/projetosPHP/curso2/public_html/lib/Cake/Error/ErrorHandler.php(184): ErrorHandler::handleFatalError(1, 'Call to undefin...', '/home/ronaldo/p...', 38)
#1 [internal function]: ErrorHandler::handleError(1, 'Call to undefin...', '/home/ronaldo/p...', 38, Array)
#2 /home/ronaldo/projetosPHP/curso2/public_html/lib/Cake/Core/App.php(927): call_user_func('ErrorHandler::h...', 1, 'Call to undefin...', '/home/ronaldo/p...', 38, Array)
#3 /home/ronaldo/projetosPHP/curso2/public_html/lib/Cake/Core/App.php(900): App::_checkFatalError()
#4 [internal function]: App::shutdown()
#5 {main}
2013-04-08 23:05:26 Error: Fatal Error (1): Call to undefined method Router::compact() in [/home/ronaldo/projetosPHP/curso2/public_html/app/Config/routes.php, line 38]
2013-04-08 23:05:26 Error: [FatalErrorException] Call to undefined method Router::compact()
Request URL: /agenda
Stack Trace:
#0 /home/ronaldo/projetosPHP/curso2/public_html/lib/Cake/Error/ErrorHandler.php(184): ErrorHandler::handleFatalError(1, 'Call to undefin...', '/home/ronaldo/p...', 38)
#1 [internal function]: ErrorHandler::handleError(1, 'Call to undefin...', '/home/ronaldo/p...', 38, Array)
#2 /home/ronaldo/projetosPHP/curso2/public_html/lib/Cake/Core/App.php(927): call_user_func('ErrorHandler::h...', 1, 'Call to undefin...', '/home/ronaldo/p...', 38, Array)
#3 /home/ronaldo/projetosPHP/curso2/public_html/lib/Cake/Core/App.php(900): App::_checkFatalError()
#4 [internal function]: App::shutdown()
#5 {main}
2013-04-08 23:05:26 Error: Fatal Error (1): Call to undefined method Router::compact() in [/home/ronaldo/projetosPHP/curso2/public_html/app/Config/routes.php, line 38]
2013-04-08 23:05:26 Error: [FatalErrorException] Call to undefined method Router::compact()
Request URL: /agenda
Stack Trace:
#0 /home/ronaldo/projetosPHP/curso2/public_html/lib/Cake/Error/ErrorHandler.php(184): ErrorHandler::handleFatalError(1, 'Call to undefin...', '/home/ronaldo/p...', 38)
#1 [internal function]: ErrorHandler::handleError(1, 'Call to undefin...', '/home/ronaldo/p...', 38, Array)
#2 /home/ronaldo/projetosPHP/curso2/public_html/lib/Cake/Core/App.php(927): call_user_func('ErrorHandler::h...', 1, 'Call to undefin...', '/home/ronaldo/p...', 38, Array)
#3 /home/ronaldo/projetosPHP/curso2/public_html/lib/Cake/Core/App.php(900): App::_checkFatalError()
#4 [internal function]: App::shutdown()
#5 {main}
2013-04-08 23:05:26 Error: Fatal Error (1): Call to undefined method Router::compact() in [/home/ronaldo/projetosPHP/curso2/public_html/app/Config/routes.php, line 38]
2013-04-08 23:05:26 Error: [FatalErrorException] Call to undefined method Router::compact()
Request URL: /agenda
Stack Trace:
#0 /home/ronaldo/projetosPHP/curso2/public_html/lib/Cake/Error/ErrorHandler.php(184): ErrorHandler::handleFatalError(1, 'Call to undefin...', '/home/ronaldo/p...', 38)
#1 [internal function]: ErrorHandler::handleError(1, 'Call to undefin...', '/home/ronaldo/p...', 38, Array)
#2 /home/ronaldo/projetosPHP/curso2/public_html/lib/Cake/Core/App.php(927): call_user_func('ErrorHandler::h...', 1, 'Call to undefin...', '/home/ronaldo/p...', 38, Array)
#3 /home/ronaldo/projetosPHP/curso2/public_html/lib/Cake/Core/App.php(900): App::_checkFatalError()
#4 [internal function]: App::shutdown()
#5 {main}
2013-04-09 08:56:29 Error: [MissingControllerException] Controller class LocalController could not be found.
Exception Attributes: array (
  'class' => 'LocalController',
  'plugin' => NULL,
)
Request URL: /local/images/templatemo_image_05.jpg
Stack Trace:
#0 /home/ronaldo/projetosPHP/curso2/public_html/app/webroot/index.php(109): Dispatcher->dispatch(Object(CakeRequest), Object(CakeResponse))
#1 {main}
2013-04-09 08:56:29 Error: [MissingControllerException] Controller class LocalController could not be found.
Exception Attributes: array (
  'class' => 'LocalController',
  'plugin' => NULL,
)
Request URL: /local/images/templatemo_image_06.jpg
Stack Trace:
#0 /home/ronaldo/projetosPHP/curso2/public_html/app/webroot/index.php(109): Dispatcher->dispatch(Object(CakeRequest), Object(CakeResponse))
#1 {main}
2013-04-09 08:56:29 Error: [MissingControllerException] Controller class LocalController could not be found.
Exception Attributes: array (
  'class' => 'LocalController',
  'plugin' => NULL,
)
Request URL: /local/images/templatemo_image_07.jpg
Stack Trace:
#0 /home/ronaldo/projetosPHP/curso2/public_html/app/webroot/index.php(109): Dispatcher->dispatch(Object(CakeRequest), Object(CakeResponse))
#1 {main}
2013-04-09 08:57:46 Error: [MissingControllerException] Controller class LocalController could not be found.
Exception Attributes: array (
  'class' => 'LocalController',
  'plugin' => NULL,
)
Request URL: /local/images/templatemo_image_05.jpg
Stack Trace:
#0 /home/ronaldo/projetosPHP/curso2/public_html/app/webroot/index.php(109): Dispatcher->dispatch(Object(CakeRequest), Object(CakeResponse))
#1 {main}
2013-04-09 08:57:46 Error: [MissingControllerException] Controller class LocalController could not be found.
Exception Attributes: array (
  'class' => 'LocalController',
  'plugin' => NULL,
)
Request URL: /local/images/templatemo_image_07.jpg
Stack Trace:
#0 /home/ronaldo/projetosPHP/curso2/public_html/app/webroot/index.php(109): Dispatcher->dispatch(Object(CakeRequest), Object(CakeResponse))
#1 {main}
2013-04-09 08:57:46 Error: [MissingControllerException] Controller class LocalController could not be found.
Exception Attributes: array (
  'class' => 'LocalController',
  'plugin' => NULL,
)
Request URL: /local/images/templatemo_image_06.jpg
Stack Trace:
#0 /home/ronaldo/projetosPHP/curso2/public_html/app/webroot/index.php(109): Dispatcher->dispatch(Object(CakeRequest), Object(CakeResponse))
#1 {main}
2013-04-09 11:11:36 Error: [MissingControllerException] Controller class LocalController could not be found.
Exception Attributes: array (
  'class' => 'LocalController',
  'plugin' => NULL,
)
Request URL: /local/images/templatemo_image_06.jpg
Stack Trace:
#0 /home/ronaldo/projetosPHP/curso2/public_html/app/webroot/index.php(109): Dispatcher->dispatch(Object(CakeRequest), Object(CakeResponse))
#1 {main}
2013-04-09 11:11:37 Error: [MissingControllerException] Controller class LocalController could not be found.
Exception Attributes: array (
  'class' => 'LocalController',
  'plugin' => NULL,
)
Request URL: /local/images/templatemo_image_05.jpg
Stack Trace:
#0 /home/ronaldo/projetosPHP/curso2/public_html/app/webroot/index.php(109): Dispatcher->dispatch(Object(CakeRequest), Object(CakeResponse))
#1 {main}
2013-04-09 11:11:37 Error: [MissingControllerException] Controller class LocalController could not be found.
Exception Attributes: array (
  'class' => 'LocalController',
  'plugin' => NULL,
)
Request URL: /local/images/templatemo_image_07.jpg
Stack Trace:
#0 /home/ronaldo/projetosPHP/curso2/public_html/app/webroot/index.php(109): Dispatcher->dispatch(Object(CakeRequest), Object(CakeResponse))
#1 {main}
2013-04-09 11:11:50 Error: [MissingControllerException] Controller class LocalController could not be found.
Exception Attributes: array (
  'class' => 'LocalController',
  'plugin' => NULL,
)
Request URL: /local/images/templatemo_image_05.jpg
Stack Trace:
#0 /home/ronaldo/projetosPHP/curso2/public_html/app/webroot/index.php(109): Dispatcher->dispatch(Object(CakeRequest), Object(CakeResponse))
#1 {main}
2013-04-09 11:11:50 Error: [MissingControllerException] Controller class LocalController could not be found.
Exception Attributes: array (
  'class' => 'LocalController',
  'plugin' => NULL,
)
Request URL: /local/images/templatemo_image_07.jpg
Stack Trace:
#0 /home/ronaldo/projetosPHP/curso2/public_html/app/webroot/index.php(109): Dispatcher->dispatch(Object(CakeRequest), Object(CakeResponse))
#1 {main}
2013-04-09 11:11:50 Error: [MissingControllerException] Controller class LocalController could not be found.
Exception Attributes: array (
  'class' => 'LocalController',
  'plugin' => NULL,
)
Request URL: /local/images/templatemo_image_06.jpg
Stack Trace:
#0 /home/ronaldo/projetosPHP/curso2/public_html/app/webroot/index.php(109): Dispatcher->dispatch(Object(CakeRequest), Object(CakeResponse))
#1 {main}
2013-04-09 11:12:54 Error: [MissingControllerException] Controller class LocalController could not be found.
Exception Attributes: array (
  'class' => 'LocalController',
  'plugin' => NULL,
)
Request URL: /local/images/templatemo_image_05.jpg
Stack Trace:
#0 /home/ronaldo/projetosPHP/curso2/public_html/app/webroot/index.php(109): Dispatcher->dispatch(Object(CakeRequest), Object(CakeResponse))
#1 {main}
2013-04-09 11:12:54 Error: [MissingControllerException] Controller class LocalController could not be found.
Exception Attributes: array (
  'class' => 'LocalController',
  'plugin' => NULL,
)
Request URL: /local/images/templatemo_image_07.jpg
Stack Trace:
#0 /home/ronaldo/projetosPHP/curso2/public_html/app/webroot/index.php(109): Dispatcher->dispatch(Object(CakeRequest), Object(CakeResponse))
#1 {main}
2013-04-09 11:12:54 Error: [MissingControllerException] Controller class LocalController could not be found.
Exception Attributes: array (
  'class' => 'LocalController',
  'plugin' => NULL,
)
Request URL: /local/images/templatemo_image_06.jpg
Stack Trace:
#0 /home/ronaldo/projetosPHP/curso2/public_html/app/webroot/index.php(109): Dispatcher->dispatch(Object(CakeRequest), Object(CakeResponse))
#1 {main}
2013-04-09 11:13:07 Error: [MissingControllerException] Controller class LocalController could not be found.
Exception Attributes: array (
  'class' => 'LocalController',
  'plugin' => NULL,
)
Request URL: /local/images/templatemo_image_05.jpg
Stack Trace:
#0 /home/ronaldo/projetosPHP/curso2/public_html/app/webroot/index.php(109): Dispatcher->dispatch(Object(CakeRequest), Object(CakeResponse))
#1 {main}
2013-04-09 11:13:08 Error: [MissingControllerException] Controller class LocalController could not be found.
Exception Attributes: array (
  'class' => 'LocalController',
  'plugin' => NULL,
)
Request URL: /local/images/templatemo_image_06.jpg
Stack Trace:
#0 /home/ronaldo/projetosPHP/curso2/public_html/app/webroot/index.php(109): Dispatcher->dispatch(Object(CakeRequest), Object(CakeResponse))
#1 {main}
2013-04-09 11:13:08 Error: [MissingControllerException] Controller class LocalController could not be found.
Exception Attributes: array (
  'class' => 'LocalController',
  'plugin' => NULL,
)
Request URL: /local/images/templatemo_image_07.jpg
Stack Trace:
#0 /home/ronaldo/projetosPHP/curso2/public_html/app/webroot/index.php(109): Dispatcher->dispatch(Object(CakeRequest), Object(CakeResponse))
#1 {main}
2013-04-09 11:13:10 Error: [MissingControllerException] Controller class LocalController could not be found.
Exception Attributes: array (
  'class' => 'LocalController',
  'plugin' => NULL,
)
Request URL: /local/images/templatemo_image_05.jpg
Stack Trace:
#0 /home/ronaldo/projetosPHP/curso2/public_html/app/webroot/index.php(109): Dispatcher->dispatch(Object(CakeRequest), Object(CakeResponse))
#1 {main}
2013-04-09 11:13:10 Error: [MissingControllerException] Controller class LocalController could not be found.
Exception Attributes: array (
  'class' => 'LocalController',
  'plugin' => NULL,
)
Request URL: /local/images/templatemo_image_07.jpg
Stack Trace:
#0 /home/ronaldo/projetosPHP/curso2/public_html/app/webroot/index.php(109): Dispatcher->dispatch(Object(CakeRequest), Object(CakeResponse))
#1 {main}
2013-04-09 11:13:11 Error: [MissingControllerException] Controller class LocalController could not be found.
Exception Attributes: array (
  'class' => 'LocalController',
  'plugin' => NULL,
)
Request URL: /local/images/templatemo_image_06.jpg
Stack Trace:
#0 /home/ronaldo/projetosPHP/curso2/public_html/app/webroot/index.php(109): Dispatcher->dispatch(Object(CakeRequest), Object(CakeResponse))
#1 {main}
2013-04-09 11:13:18 Error: [MissingControllerException] Controller class LocalController could not be found.
Exception Attributes: array (
  'class' => 'LocalController',
  'plugin' => NULL,
)
Request URL: /local/images/templatemo_image_05.jpg
Stack Trace:
#0 /home/ronaldo/projetosPHP/curso2/public_html/app/webroot/index.php(109): Dispatcher->dispatch(Object(CakeRequest), Object(CakeResponse))
#1 {main}
2013-04-09 11:13:18 Error: [MissingControllerException] Controller class LocalController could not be found.
Exception Attributes: array (
  'class' => 'LocalController',
  'plugin' => NULL,
)
Request URL: /local/images/templatemo_image_06.jpg
Stack Trace:
#0 /home/ronaldo/projetosPHP/curso2/public_html/app/webroot/index.php(109): Dispatcher->dispatch(Object(CakeRequest), Object(CakeResponse))
#1 {main}
2013-04-09 11:13:18 Error: [MissingControllerException] Controller class LocalController could not be found.
Exception Attributes: array (
  'class' => 'LocalController',
  'plugin' => NULL,
)
Request URL: /local/images/templatemo_image_07.jpg
Stack Trace:
#0 /home/ronaldo/projetosPHP/curso2/public_html/app/webroot/index.php(109): Dispatcher->dispatch(Object(CakeRequest), Object(CakeResponse))
#1 {main}
2013-04-09 12:01:25 Error: [MissingControllerException] Controller class LocalController could not be found.
Exception Attributes: array (
  'class' => 'LocalController',
  'plugin' => NULL,
)
Request URL: /local/images/templatemo_image_07.jpg
Stack Trace:
#0 /home/ronaldo/projetosPHP/curso2/public_html/app/webroot/index.php(109): Dispatcher->dispatch(Object(CakeRequest), Object(CakeResponse))
#1 {main}
2013-04-09 12:01:25 Error: [MissingControllerException] Controller class LocalController could not be found.
Exception Attributes: array (
  'class' => 'LocalController',
  'plugin' => NULL,
)
Request URL: /local/images/templatemo_image_05.jpg
Stack Trace:
#0 /home/ronaldo/projetosPHP/curso2/public_html/app/webroot/index.php(109): Dispatcher->dispatch(Object(CakeRequest), Object(CakeResponse))
#1 {main}
2013-04-09 12:01:25 Error: [MissingControllerException] Controller class LocalController could not be found.
Exception Attributes: array (
  'class' => 'LocalController',
  'plugin' => NULL,
)
Request URL: /local/images/templatemo_image_06.jpg
Stack Trace:
#0 /home/ronaldo/projetosPHP/curso2/public_html/app/webroot/index.php(109): Dispatcher->dispatch(Object(CakeRequest), Object(CakeResponse))
#1 {main}
2013-04-09 12:06:50 Error: [MissingControllerException] Controller class LocalController could not be found.
Exception Attributes: array (
  'class' => 'LocalController',
  'plugin' => NULL,
)
Request URL: /local/images/templatemo_image_07.jpg
Stack Trace:
#0 /home/ronaldo/projetosPHP/curso2/public_html/app/webroot/index.php(109): Dispatcher->dispatch(Object(CakeRequest), Object(CakeResponse))
#1 {main}
2013-04-09 12:06:50 Error: [MissingControllerException] Controller class LocalController could not be found.
Exception Attributes: array (
  'class' => 'LocalController',
  'plugin' => NULL,
)
Request URL: /local/images/templatemo_image_05.jpg
Stack Trace:
#0 /home/ronaldo/projetosPHP/curso2/public_html/app/webroot/index.php(109): Dispatcher->dispatch(Object(CakeRequest), Object(CakeResponse))
#1 {main}
2013-04-09 12:06:50 Error: [MissingControllerException] Controller class LocalController could not be found.
Exception Attributes: array (
  'class' => 'LocalController',
  'plugin' => NULL,
)
Request URL: /local/images/templatemo_image_06.jpg
Stack Trace:
#0 /home/ronaldo/projetosPHP/curso2/public_html/app/webroot/index.php(109): Dispatcher->dispatch(Object(CakeRequest), Object(CakeResponse))
#1 {main}
2013-04-09 21:31:23 Error: [MissingControllerException] Controller class LocalController could not be found.
Exception Attributes: array (
  'class' => 'LocalController',
  'plugin' => NULL,
)
Request URL: /local/images/templatemo_image_05.jpg
Stack Trace:
#0 /home/ronaldo/projetosPHP/curso2/public_html/app/webroot/index.php(109): Dispatcher->dispatch(Object(CakeRequest), Object(CakeResponse))
#1 {main}
2013-04-09 21:31:23 Error: [MissingControllerException] Controller class LocalController could not be found.
Exception Attributes: array (
  'class' => 'LocalController',
  'plugin' => NULL,
)
Request URL: /local/images/templatemo_image_06.jpg
Stack Trace:
#0 /home/ronaldo/projetosPHP/curso2/public_html/app/webroot/index.php(109): Dispatcher->dispatch(Object(CakeRequest), Object(CakeResponse))
#1 {main}
2013-04-09 21:31:23 Error: [MissingControllerException] Controller class LocalController could not be found.
Exception Attributes: array (
  'class' => 'LocalController',
  'plugin' => NULL,
)
Request URL: /local/images/templatemo_image_07.jpg
Stack Trace:
#0 /home/ronaldo/projetosPHP/curso2/public_html/app/webroot/index.php(109): Dispatcher->dispatch(Object(CakeRequest), Object(CakeResponse))
#1 {main}
2013-04-09 21:33:33 Error: [MissingControllerException] Controller class LocalController could not be found.
Exception Attributes: array (
  'class' => 'LocalController',
  'plugin' => NULL,
)
Request URL: /local/images/templatemo_image_05.jpg
Stack Trace:
#0 /home/ronaldo/projetosPHP/curso2/public_html/app/webroot/index.php(109): Dispatcher->dispatch(Object(CakeRequest), Object(CakeResponse))
#1 {main}
2013-04-09 21:33:34 Error: [MissingControllerException] Controller class LocalController could not be found.
Exception Attributes: array (
  'class' => 'LocalController',
  'plugin' => NULL,
)
Request URL: /local/images/templatemo_image_06.jpg
Stack Trace:
#0 /home/ronaldo/projetosPHP/curso2/public_html/app/webroot/index.php(109): Dispatcher->dispatch(Object(CakeRequest), Object(CakeResponse))
#1 {main}
2013-04-09 21:33:34 Error: [MissingControllerException] Controller class LocalController could not be found.
Exception Attributes: array (
  'class' => 'LocalController',
  'plugin' => NULL,
)
Request URL: /local/images/templatemo_image_07.jpg
Stack Trace:
#0 /home/ronaldo/projetosPHP/curso2/public_html/app/webroot/index.php(109): Dispatcher->dispatch(Object(CakeRequest), Object(CakeResponse))
#1 {main}
2013-04-09 21:35:52 Error: [MissingControllerException] Controller class LocalController could not be found.
Exception Attributes: array (
  'class' => 'LocalController',
  'plugin' => NULL,
)
Request URL: /local/images/templatemo_image_06.jpg
Stack Trace:
#0 /home/ronaldo/projetosPHP/curso2/public_html/app/webroot/index.php(109): Dispatcher->dispatch(Object(CakeRequest), Object(CakeResponse))
#1 {main}
2013-04-09 21:35:52 Error: [MissingControllerException] Controller class LocalController could not be found.
Exception Attributes: array (
  'class' => 'LocalController',
  'plugin' => NULL,
)
Request URL: /local/images/templatemo_image_05.jpg
Stack Trace:
#0 /home/ronaldo/projetosPHP/curso2/public_html/app/webroot/index.php(109): Dispatcher->dispatch(Object(CakeRequest), Object(CakeResponse))
#1 {main}
2013-04-09 21:35:52 Error: [MissingControllerException] Controller class LocalController could not be found.
Exception Attributes: array (
  'class' => 'LocalController',
  'plugin' => NULL,
)
Request URL: /local/images/templatemo_image_07.jpg
Stack Trace:
#0 /home/ronaldo/projetosPHP/curso2/public_html/app/webroot/index.php(109): Dispatcher->dispatch(Object(CakeRequest), Object(CakeResponse))
#1 {main}
2013-04-09 21:36:44 Error: [MissingControllerException] Controller class LocalController could not be found.
Exception Attributes: array (
  'class' => 'LocalController',
  'plugin' => NULL,
)
Request URL: /local/images/templatemo_image_07.jpg
Stack Trace:
#0 /home/ronaldo/projetosPHP/curso2/public_html/app/webroot/index.php(109): Dispatcher->dispatch(Object(CakeRequest), Object(CakeResponse))
#1 {main}
2013-04-09 21:36:44 Error: [MissingControllerException] Controller class LocalController could not be found.
Exception Attributes: array (
  'class' => 'LocalController',
  'plugin' => NULL,
)
Request URL: /local/images/templatemo_image_05.jpg
Stack Trace:
#0 /home/ronaldo/projetosPHP/curso2/public_html/app/webroot/index.php(109): Dispatcher->dispatch(Object(CakeRequest), Object(CakeResponse))
#1 {main}
2013-04-09 21:36:44 Error: [MissingControllerException] Controller class LocalController could not be found.
Exception Attributes: array (
  'class' => 'LocalController',
  'plugin' => NULL,
)
Request URL: /local/images/templatemo_image_06.jpg
Stack Trace:
#0 /home/ronaldo/projetosPHP/curso2/public_html/app/webroot/index.php(109): Dispatcher->dispatch(Object(CakeRequest), Object(CakeResponse))
#1 {main}
2013-04-09 21:36:57 Error: [MissingControllerException] Controller class LocalController could not be found.
Exception Attributes: array (
  'class' => 'LocalController',
  'plugin' => NULL,
)
Request URL: /local/images/templatemo_image_07.jpg
Stack Trace:
#0 /home/ronaldo/projetosPHP/curso2/public_html/app/webroot/index.php(109): Dispatcher->dispatch(Object(CakeRequest), Object(CakeResponse))
#1 {main}
2013-04-09 21:36:57 Error: [MissingControllerException] Controller class LocalController could not be found.
Exception Attributes: array (
  'class' => 'LocalController',
  'plugin' => NULL,
)
Request URL: /local/images/templatemo_image_06.jpg
Stack Trace:
#0 /home/ronaldo/projetosPHP/curso2/public_html/app/webroot/index.php(109): Dispatcher->dispatch(Object(CakeRequest), Object(CakeResponse))
#1 {main}
2013-04-09 21:36:57 Error: [MissingControllerException] Controller class LocalController could not be found.
Exception Attributes: array (
  'class' => 'LocalController',
  'plugin' => NULL,
)
Request URL: /local/images/templatemo_image_05.jpg
Stack Trace:
#0 /home/ronaldo/projetosPHP/curso2/public_html/app/webroot/index.php(109): Dispatcher->dispatch(Object(CakeRequest), Object(CakeResponse))
#1 {main}
2013-04-09 21:41:01 Error: [MissingControllerException] Controller class LocalController could not be found.
Exception Attributes: array (
  'class' => 'LocalController',
  'plugin' => NULL,
)
Request URL: /local/images/templatemo_image_05.jpg
Stack Trace:
#0 /home/ronaldo/projetosPHP/curso2/public_html/app/webroot/index.php(109): Dispatcher->dispatch(Object(CakeRequest), Object(CakeResponse))
#1 {main}
2013-04-09 21:41:01 Error: [MissingControllerException] Controller class LocalController could not be found.
Exception Attributes: array (
  'class' => 'LocalController',
  'plugin' => NULL,
)
Request URL: /local/images/templatemo_image_07.jpg
Stack Trace:
#0 /home/ronaldo/projetosPHP/curso2/public_html/app/webroot/index.php(109): Dispatcher->dispatch(Object(CakeRequest), Object(CakeResponse))
#1 {main}
2013-04-09 21:41:01 Error: [MissingControllerException] Controller class LocalController could not be found.
Exception Attributes: array (
  'class' => 'LocalController',
  'plugin' => NULL,
)
Request URL: /local/images/templatemo_image_06.jpg
Stack Trace:
#0 /home/ronaldo/projetosPHP/curso2/public_html/app/webroot/index.php(109): Dispatcher->dispatch(Object(CakeRequest), Object(CakeResponse))
#1 {main}
2013-04-09 21:41:34 Error: [MissingControllerException] Controller class LocalController could not be found.
Exception Attributes: array (
  'class' => 'LocalController',
  'plugin' => NULL,
)
Request URL: /local/images/templatemo_image_05.jpg
Stack Trace:
#0 /home/ronaldo/projetosPHP/curso2/public_html/app/webroot/index.php(109): Dispatcher->dispatch(Object(CakeRequest), Object(CakeResponse))
#1 {main}
2013-04-09 21:41:34 Error: [MissingControllerException] Controller class LocalController could not be found.
Exception Attributes: array (
  'class' => 'LocalController',
  'plugin' => NULL,
)
Request URL: /local/images/templatemo_image_07.jpg
Stack Trace:
#0 /home/ronaldo/projetosPHP/curso2/public_html/app/webroot/index.php(109): Dispatcher->dispatch(Object(CakeRequest), Object(CakeResponse))
#1 {main}
2013-04-09 21:41:34 Error: [MissingControllerException] Controller class LocalController could not be found.
Exception Attributes: array (
  'class' => 'LocalController',
  'plugin' => NULL,
)
Request URL: /local/images/templatemo_image_06.jpg
Stack Trace:
#0 /home/ronaldo/projetosPHP/curso2/public_html/app/webroot/index.php(109): Dispatcher->dispatch(Object(CakeRequest), Object(CakeResponse))
#1 {main}
2013-04-09 21:42:21 Error: [MissingControllerException] Controller class LocalController could not be found.
Exception Attributes: array (
  'class' => 'LocalController',
  'plugin' => NULL,
)
Request URL: /local/images/templatemo_image_05.jpg
Stack Trace:
#0 /home/ronaldo/projetosPHP/curso2/public_html/app/webroot/index.php(109): Dispatcher->dispatch(Object(CakeRequest), Object(CakeResponse))
#1 {main}
2013-04-09 21:42:21 Error: [MissingControllerException] Controller class LocalController could not be found.
Exception Attributes: array (
  'class' => 'LocalController',
  'plugin' => NULL,
)
Request URL: /local/images/templatemo_image_06.jpg
Stack Trace:
#0 /home/ronaldo/projetosPHP/curso2/public_html/app/webroot/index.php(109): Dispatcher->dispatch(Object(CakeRequest), Object(CakeResponse))
#1 {main}
2013-04-09 21:42:21 Error: [MissingControllerException] Controller class LocalController could not be found.
Exception Attributes: array (
  'class' => 'LocalController',
  'plugin' => NULL,
)
Request URL: /local/images/templatemo_image_07.jpg
Stack Trace:
#0 /home/ronaldo/projetosPHP/curso2/public_html/app/webroot/index.php(109): Dispatcher->dispatch(Object(CakeRequest), Object(CakeResponse))
#1 {main}
2013-04-09 21:44:40 Error: [MissingControllerException] Controller class LocalController could not be found.
Exception Attributes: array (
  'class' => 'LocalController',
  'plugin' => NULL,
)
Request URL: /local/images/templatemo_image_05.jpg
Stack Trace:
#0 /home/ronaldo/projetosPHP/curso2/public_html/app/webroot/index.php(109): Dispatcher->dispatch(Object(CakeRequest), Object(CakeResponse))
#1 {main}
2013-04-09 21:44:40 Error: [MissingControllerException] Controller class LocalController could not be found.
Exception Attributes: array (
  'class' => 'LocalController',
  'plugin' => NULL,
)
Request URL: /local/images/templatemo_image_06.jpg
Stack Trace:
#0 /home/ronaldo/projetosPHP/curso2/public_html/app/webroot/index.php(109): Dispatcher->dispatch(Object(CakeRequest), Object(CakeResponse))
#1 {main}
2013-04-09 21:44:40 Error: [MissingControllerException] Controller class LocalController could not be found.
Exception Attributes: array (
  'class' => 'LocalController',
  'plugin' => NULL,
)
Request URL: /local/images/templatemo_image_07.jpg
Stack Trace:
#0 /home/ronaldo/projetosPHP/curso2/public_html/app/webroot/index.php(109): Dispatcher->dispatch(Object(CakeRequest), Object(CakeResponse))
#1 {main}
2013-04-09 21:45:28 Error: [MissingControllerException] Controller class LocalController could not be found.
Exception Attributes: array (
  'class' => 'LocalController',
  'plugin' => NULL,
)
Request URL: /local/images/templatemo_image_07.jpg
Stack Trace:
#0 /home/ronaldo/projetosPHP/curso2/public_html/app/webroot/index.php(109): Dispatcher->dispatch(Object(CakeRequest), Object(CakeResponse))
#1 {main}
2013-04-09 21:45:28 Error: [MissingControllerException] Controller class LocalController could not be found.
Exception Attributes: array (
  'class' => 'LocalController',
  'plugin' => NULL,
)
Request URL: /local/images/templatemo_image_05.jpg
Stack Trace:
#0 /home/ronaldo/projetosPHP/curso2/public_html/app/webroot/index.php(109): Dispatcher->dispatch(Object(CakeRequest), Object(CakeResponse))
#1 {main}
2013-04-09 21:45:28 Error: [MissingControllerException] Controller class LocalController could not be found.
Exception Attributes: array (
  'class' => 'LocalController',
  'plugin' => NULL,
)
Request URL: /local/images/templatemo_image_06.jpg
Stack Trace:
#0 /home/ronaldo/projetosPHP/curso2/public_html/app/webroot/index.php(109): Dispatcher->dispatch(Object(CakeRequest), Object(CakeResponse))
#1 {main}
2013-04-09 21:47:23 Error: [MissingControllerException] Controller class LocalController could not be found.
Exception Attributes: array (
  'class' => 'LocalController',
  'plugin' => NULL,
)
Request URL: /local/images/templatemo_image_05.jpg
Stack Trace:
#0 /home/ronaldo/projetosPHP/curso2/public_html/app/webroot/index.php(109): Dispatcher->dispatch(Object(CakeRequest), Object(CakeResponse))
#1 {main}
2013-04-09 21:47:23 Error: [MissingControllerException] Controller class LocalController could not be found.
Exception Attributes: array (
  'class' => 'LocalController',
  'plugin' => NULL,
)
Request URL: /local/images/templatemo_image_07.jpg
Stack Trace:
#0 /home/ronaldo/projetosPHP/curso2/public_html/app/webroot/index.php(109): Dispatcher->dispatch(Object(CakeRequest), Object(CakeResponse))
#1 {main}
2013-04-09 21:47:23 Error: [MissingControllerException] Controller class LocalController could not be found.
Exception Attributes: array (
  'class' => 'LocalController',
  'plugin' => NULL,
)
Request URL: /local/images/templatemo_image_06.jpg
Stack Trace:
#0 /home/ronaldo/projetosPHP/curso2/public_html/app/webroot/index.php(109): Dispatcher->dispatch(Object(CakeRequest), Object(CakeResponse))
#1 {main}
2013-04-09 21:50:25 Error: [MissingControllerException] Controller class LocalController could not be found.
Exception Attributes: array (
  'class' => 'LocalController',
  'plugin' => NULL,
)
Request URL: /local/images/avatar.gif
Stack Trace:
#0 /home/ronaldo/projetosPHP/curso2/public_html/app/webroot/index.php(109): Dispatcher->dispatch(Object(CakeRequest), Object(CakeResponse))
#1 {main}
2013-04-09 21:50:25 Error: [MissingControllerException] Controller class LocalController could not be found.
Exception Attributes: array (
  'class' => 'LocalController',
  'plugin' => NULL,
)
Request URL: /local/images/templatemo_image_06.jpg
Stack Trace:
#0 /home/ronaldo/projetosPHP/curso2/public_html/app/webroot/index.php(109): Dispatcher->dispatch(Object(CakeRequest), Object(CakeResponse))
#1 {main}
2013-04-09 21:50:25 Error: [MissingControllerException] Controller class LocalController could not be found.
Exception Attributes: array (
  'class' => 'LocalController',
  'plugin' => NULL,
)
Request URL: /local/images/templatemo_image_07.jpg
Stack Trace:
#0 /home/ronaldo/projetosPHP/curso2/public_html/app/webroot/index.php(109): Dispatcher->dispatch(Object(CakeRequest), Object(CakeResponse))
#1 {main}
2013-04-09 21:53:16 Error: [MissingControllerException] Controller class LocalController could not be found.
Exception Attributes: array (
  'class' => 'LocalController',
  'plugin' => NULL,
)
Request URL: /local/images/avatar.gif
Stack Trace:
#0 /home/ronaldo/projetosPHP/curso2/public_html/app/webroot/index.php(109): Dispatcher->dispatch(Object(CakeRequest), Object(CakeResponse))
#1 {main}
2013-04-09 21:53:16 Error: [MissingControllerException] Controller class LocalController could not be found.
Exception Attributes: array (
  'class' => 'LocalController',
  'plugin' => NULL,
)
Request URL: /local/images/templatemo_image_06.jpg
Stack Trace:
#0 /home/ronaldo/projetosPHP/curso2/public_html/app/webroot/index.php(109): Dispatcher->dispatch(Object(CakeRequest), Object(CakeResponse))
#1 {main}
2013-04-09 21:53:16 Error: [MissingControllerException] Controller class LocalController could not be found.
Exception Attributes: array (
  'class' => 'LocalController',
  'plugin' => NULL,
)
Request URL: /local/images/templatemo_image_07.jpg
Stack Trace:
#0 /home/ronaldo/projetosPHP/curso2/public_html/app/webroot/index.php(109): Dispatcher->dispatch(Object(CakeRequest), Object(CakeResponse))
#1 {main}
2013-04-09 21:53:17 Error: [MissingControllerException] Controller class LocalController could not be found.
Exception Attributes: array (
  'class' => 'LocalController',
  'plugin' => NULL,
)
Request URL: /local/images/templatemo_image_06.jpg
Stack Trace:
#0 /home/ronaldo/projetosPHP/curso2/public_html/app/webroot/index.php(109): Dispatcher->dispatch(Object(CakeRequest), Object(CakeResponse))
#1 {main}
2013-04-09 21:53:17 Error: [MissingControllerException] Controller class LocalController could not be found.
Exception Attributes: array (
  'class' => 'LocalController',
  'plugin' => NULL,
)
Request URL: /local/images/templatemo_image_07.jpg
Stack Trace:
#0 /home/ronaldo/projetosPHP/curso2/public_html/app/webroot/index.php(109): Dispatcher->dispatch(Object(CakeRequest), Object(CakeResponse))
#1 {main}
2013-04-09 21:53:17 Error: [MissingControllerException] Controller class LocalController could not be found.
Exception Attributes: array (
  'class' => 'LocalController',
  'plugin' => NULL,
)
Request URL: /local/images/avatar.gif
Stack Trace:
#0 /home/ronaldo/projetosPHP/curso2/public_html/app/webroot/index.php(109): Dispatcher->dispatch(Object(CakeRequest), Object(CakeResponse))
#1 {main}
2013-04-09 21:53:18 Error: [MissingControllerException] Controller class LocalController could not be found.
Exception Attributes: array (
  'class' => 'LocalController',
  'plugin' => NULL,
)
Request URL: /local/images/avatar.gif
Stack Trace:
#0 /home/ronaldo/projetosPHP/curso2/public_html/app/webroot/index.php(109): Dispatcher->dispatch(Object(CakeRequest), Object(CakeResponse))
#1 {main}
2013-04-09 21:53:18 Error: [MissingControllerException] Controller class LocalController could not be found.
Exception Attributes: array (
  'class' => 'LocalController',
  'plugin' => NULL,
)
Request URL: /local/images/templatemo_image_06.jpg
Stack Trace:
#0 /home/ronaldo/projetosPHP/curso2/public_html/app/webroot/index.php(109): Dispatcher->dispatch(Object(CakeRequest), Object(CakeResponse))
#1 {main}
2013-04-09 21:53:18 Error: [MissingControllerException] Controller class LocalController could not be found.
Exception Attributes: array (
  'class' => 'LocalController',
  'plugin' => NULL,
)
Request URL: /local/images/templatemo_image_07.jpg
Stack Trace:
#0 /home/ronaldo/projetosPHP/curso2/public_html/app/webroot/index.php(109): Dispatcher->dispatch(Object(CakeRequest), Object(CakeResponse))
#1 {main}
2013-04-09 21:53:18 Error: [MissingControllerException] Controller class LocalController could not be found.
Exception Attributes: array (
  'class' => 'LocalController',
  'plugin' => NULL,
)
Request URL: /local/images/avatar.gif
Stack Trace:
#0 /home/ronaldo/projetosPHP/curso2/public_html/app/webroot/index.php(109): Dispatcher->dispatch(Object(CakeRequest), Object(CakeResponse))
#1 {main}
2013-04-09 21:53:18 Error: [MissingControllerException] Controller class LocalController could not be found.
Exception Attributes: array (
  'class' => 'LocalController',
  'plugin' => NULL,
)
Request URL: /local/images/templatemo_image_06.jpg
Stack Trace:
#0 /home/ronaldo/projetosPHP/curso2/public_html/app/webroot/index.php(109): Dispatcher->dispatch(Object(CakeRequest), Object(CakeResponse))
#1 {main}
2013-04-09 21:53:18 Error: [MissingControllerException] Controller class LocalController could not be found.
Exception Attributes: array (
  'class' => 'LocalController',
  'plugin' => NULL,
)
Request URL: /local/images/templatemo_image_07.jpg
Stack Trace:
#0 /home/ronaldo/projetosPHP/curso2/public_html/app/webroot/index.php(109): Dispatcher->dispatch(Object(CakeRequest), Object(CakeResponse))
#1 {main}
2013-04-09 21:53:18 Error: [MissingControllerException] Controller class LocalController could not be found.
Exception Attributes: array (
  'class' => 'LocalController',
  'plugin' => NULL,
)
Request URL: /local/images/avatar.gif
Stack Trace:
#0 /home/ronaldo/projetosPHP/curso2/public_html/app/webroot/index.php(109): Dispatcher->dispatch(Object(CakeRequest), Object(CakeResponse))
#1 {main}
2013-04-09 21:53:18 Error: [MissingControllerException] Controller class LocalController could not be found.
Exception Attributes: array (
  'class' => 'LocalController',
  'plugin' => NULL,
)
Request URL: /local/images/templatemo_image_06.jpg
Stack Trace:
#0 /home/ronaldo/projetosPHP/curso2/public_html/app/webroot/index.php(109): Dispatcher->dispatch(Object(CakeRequest), Object(CakeResponse))
#1 {main}
2013-04-09 21:53:18 Error: [MissingControllerException] Controller class LocalController could not be found.
Exception Attributes: array (
  'class' => 'LocalController',
  'plugin' => NULL,
)
Request URL: /local/images/templatemo_image_07.jpg
Stack Trace:
#0 /home/ronaldo/projetosPHP/curso2/public_html/app/webroot/index.php(109): Dispatcher->dispatch(Object(CakeRequest), Object(CakeResponse))
#1 {main}
2013-04-09 21:53:19 Error: [MissingControllerException] Controller class LocalController could not be found.
Exception Attributes: array (
  'class' => 'LocalController',
  'plugin' => NULL,
)
Request URL: /local/images/avatar.gif
Stack Trace:
#0 /home/ronaldo/projetosPHP/curso2/public_html/app/webroot/index.php(109): Dispatcher->dispatch(Object(CakeRequest), Object(CakeResponse))
#1 {main}
2013-04-09 21:53:19 Error: [MissingControllerException] Controller class LocalController could not be found.
Exception Attributes: array (
  'class' => 'LocalController',
  'plugin' => NULL,
)
Request URL: /local/images/templatemo_image_06.jpg
Stack Trace:
#0 /home/ronaldo/projetosPHP/curso2/public_html/app/webroot/index.php(109): Dispatcher->dispatch(Object(CakeRequest), Object(CakeResponse))
#1 {main}
2013-04-09 21:53:19 Error: [MissingControllerException] Controller class LocalController could not be found.
Exception Attributes: array (
  'class' => 'LocalController',
  'plugin' => NULL,
)
Request URL: /local/images/templatemo_image_07.jpg
Stack Trace:
#0 /home/ronaldo/projetosPHP/curso2/public_html/app/webroot/index.php(109): Dispatcher->dispatch(Object(CakeRequest), Object(CakeResponse))
#1 {main}
2013-04-09 21:53:19 Error: [MissingControllerException] Controller class LocalController could not be found.
Exception Attributes: array (
  'class' => 'LocalController',
  'plugin' => NULL,
)
Request URL: /local/images/avatar.gif
Stack Trace:
#0 /home/ronaldo/projetosPHP/curso2/public_html/app/webroot/index.php(109): Dispatcher->dispatch(Object(CakeRequest), Object(CakeResponse))
#1 {main}
2013-04-09 21:53:19 Error: [MissingControllerException] Controller class LocalController could not be found.
Exception Attributes: array (
  'class' => 'LocalController',
  'plugin' => NULL,
)
Request URL: /local/images/templatemo_image_07.jpg
Stack Trace:
#0 /home/ronaldo/projetosPHP/curso2/public_html/app/webroot/index.php(109): Dispatcher->dispatch(Object(CakeRequest), Object(CakeResponse))
#1 {main}
2013-04-09 21:53:19 Error: [MissingControllerException] Controller class LocalController could not be found.
Exception Attributes: array (
  'class' => 'LocalController',
  'plugin' => NULL,
)
Request URL: /local/images/templatemo_image_06.jpg
Stack Trace:
#0 /home/ronaldo/projetosPHP/curso2/public_html/app/webroot/index.php(109): Dispatcher->dispatch(Object(CakeRequest), Object(CakeResponse))
#1 {main}
2013-04-09 21:53:46 Error: [MissingControllerException] Controller class LocalController could not be found.
Exception Attributes: array (
  'class' => 'LocalController',
  'plugin' => NULL,
)
Request URL: /local/images/templatemo_image_07.jpg
Stack Trace:
#0 /home/ronaldo/projetosPHP/curso2/public_html/app/webroot/index.php(109): Dispatcher->dispatch(Object(CakeRequest), Object(CakeResponse))
#1 {main}
2013-04-10 11:04:19 Error: [MissingControllerException] Controller class Localx.phpController could not be found.
Exception Attributes: array (
  'class' => 'Localx.phpController',
  'plugin' => NULL,
)
Request URL: /localx.php
Stack Trace:
#0 /home/ronaldo/projetosPHP/curso2/public_html/app/webroot/index.php(109): Dispatcher->dispatch(Object(CakeRequest), Object(CakeResponse))
#1 {main}
2013-04-14 21:33:12 Error: [MissingViewException] View file "/home/ronaldo/projetosPHP/curso2/public_html/app/View/Inscricoes/index.ctp" is missing.
Exception Attributes: array (
  'file' => '/home/ronaldo/projetosPHP/curso2/public_html/app/View/Inscricoes/index.ctp',
)
Request URL: /inscricoes
Stack Trace:
#0 /home/ronaldo/projetosPHP/curso2/public_html/lib/Cake/View/View.php(468): View->_getViewFileName(NULL)
#1 /home/ronaldo/projetosPHP/curso2/public_html/lib/Cake/Controller/Controller.php(948): View->render(NULL, NULL)
#2 /home/ronaldo/projetosPHP/curso2/public_html/lib/Cake/Routing/Dispatcher.php(194): Controller->render()
#3 /home/ronaldo/projetosPHP/curso2/public_html/lib/Cake/Routing/Dispatcher.php(162): Dispatcher->_invoke(Object(InscricoesController), Object(CakeRequest), Object(CakeResponse))
#4 /home/ronaldo/projetosPHP/curso2/public_html/app/webroot/index.php(109): Dispatcher->dispatch(Object(CakeRequest), Object(CakeResponse))
#5 {main}
2013-04-14 21:57:16 Error: Fatal Error (4): syntax error, unexpected '<' in [/home/ronaldo/projetosPHP/curso2/public_html/app/View/Inscricoes/index.ctp, line 44]
2013-04-14 21:57:16 Error: [FatalErrorException] syntax error, unexpected '<'
Request URL: /inscreva-se
Stack Trace:
#0 /home/ronaldo/projetosPHP/curso2/public_html/lib/Cake/Error/ErrorHandler.php(184): ErrorHandler::handleFatalError(4, 'syntax error, u...', '/home/ronaldo/p...', 44)
#1 [internal function]: ErrorHandler::handleError(4, 'syntax error, u...', '/home/ronaldo/p...', 44, Array)
#2 /home/ronaldo/projetosPHP/curso2/public_html/lib/Cake/Core/App.php(927): call_user_func('ErrorHandler::h...', 4, 'syntax error, u...', '/home/ronaldo/p...', 44, Array)
#3 /home/ronaldo/projetosPHP/curso2/public_html/lib/Cake/Core/App.php(900): App::_checkFatalError()
#4 [internal function]: App::shutdown()
#5 {main}
2013-04-14 21:57:17 Error: Fatal Error (4): syntax error, unexpected '<' in [/home/ronaldo/projetosPHP/curso2/public_html/app/View/Inscricoes/index.ctp, line 44]
2013-04-14 21:57:17 Error: [FatalErrorException] syntax error, unexpected '<'
Request URL: /inscreva-se
Stack Trace:
#0 /home/ronaldo/projetosPHP/curso2/public_html/lib/Cake/Error/ErrorHandler.php(184): ErrorHandler::handleFatalError(4, 'syntax error, u...', '/home/ronaldo/p...', 44)
#1 [internal function]: ErrorHandler::handleError(4, 'syntax error, u...', '/home/ronaldo/p...', 44, Array)
#2 /home/ronaldo/projetosPHP/curso2/public_html/lib/Cake/Core/App.php(927): call_user_func('ErrorHandler::h...', 4, 'syntax error, u...', '/home/ronaldo/p...', 44, Array)
#3 /home/ronaldo/projetosPHP/curso2/public_html/lib/Cake/Core/App.php(900): App::_checkFatalError()
#4 [internal function]: App::shutdown()
#5 {main}
2013-04-14 21:57:28 Error: Fatal Error (1): Call to undefined method View::Elements() in [/home/ronaldo/projetosPHP/curso2/public_html/app/View/Inscricoes/index.ctp, line 43]
2013-04-14 21:57:28 Error: [FatalErrorException] Call to undefined method View::Elements()
Request URL: /inscreva-se
Stack Trace:
#0 /home/ronaldo/projetosPHP/curso2/public_html/lib/Cake/Error/ErrorHandler.php(184): ErrorHandler::handleFatalError(1, 'Call to undefin...', '/home/ronaldo/p...', 43)
#1 [internal function]: ErrorHandler::handleError(1, 'Call to undefin...', '/home/ronaldo/p...', 43, Array)
#2 /home/ronaldo/projetosPHP/curso2/public_html/lib/Cake/Core/App.php(927): call_user_func('ErrorHandler::h...', 1, 'Call to undefin...', '/home/ronaldo/p...', 43, Array)
#3 /home/ronaldo/projetosPHP/curso2/public_html/lib/Cake/Core/App.php(900): App::_checkFatalError()
#4 [internal function]: App::shutdown()
#5 {main}
2013-04-14 22:30:05 Error: [MissingControllerException] Controller class InscricaosController could not be found.
Exception Attributes: array (
  'class' => 'InscricaosController',
  'plugin' => NULL,
)
Request URL: /inscricaos
Stack Trace:
#0 /home/ronaldo/projetosPHP/curso2/public_html/app/webroot/index.php(109): Dispatcher->dispatch(Object(CakeRequest), Object(CakeResponse))
#1 {main}
2013-04-14 22:34:15 Error: [MissingControllerException] Controller class InscricaosController could not be found.
Exception Attributes: array (
  'class' => 'InscricaosController',
  'plugin' => NULL,
)
Request URL: /inscricaos
Stack Trace:
#0 /home/ronaldo/projetosPHP/curso2/public_html/app/webroot/index.php(109): Dispatcher->dispatch(Object(CakeRequest), Object(CakeResponse))
#1 {main}
2013-04-14 23:05:28 Error: Fatal Error (4): syntax error, unexpected T_ECHO in [/home/ronaldo/projetosPHP/curso2/public_html/app/View/Inscricoes/index.ctp, line 36]
2013-04-14 23:05:28 Error: [FatalErrorException] syntax error, unexpected T_ECHO
Request URL: /inscreva-se
Stack Trace:
#0 /home/ronaldo/projetosPHP/curso2/public_html/lib/Cake/Error/ErrorHandler.php(184): ErrorHandler::handleFatalError(4, 'syntax error, u...', '/home/ronaldo/p...', 36)
#1 [internal function]: ErrorHandler::handleError(4, 'syntax error, u...', '/home/ronaldo/p...', 36, Array)
#2 /home/ronaldo/projetosPHP/curso2/public_html/lib/Cake/Core/App.php(927): call_user_func('ErrorHandler::h...', 4, 'syntax error, u...', '/home/ronaldo/p...', 36, Array)
#3 /home/ronaldo/projetosPHP/curso2/public_html/lib/Cake/Core/App.php(900): App::_checkFatalError()
#4 [internal function]: App::shutdown()
#5 {main}
2013-04-14 23:42:20 Error: [MissingActionException] Action PagesController::index() could not be found.
Exception Attributes: array (
  'controller' => 'PagesController',
  'action' => 'index',
)
Request URL: /pages/
Stack Trace:
#0 /home/ronaldo/projetosPHP/curso2/public_html/lib/Cake/Routing/Dispatcher.php(187): Controller->invokeAction(Object(CakeRequest))
#1 /home/ronaldo/projetosPHP/curso2/public_html/lib/Cake/Routing/Dispatcher.php(162): Dispatcher->_invoke(Object(PagesController), Object(CakeRequest), Object(CakeResponse))
#2 /home/ronaldo/projetosPHP/curso2/public_html/app/webroot/index.php(109): Dispatcher->dispatch(Object(CakeRequest), Object(CakeResponse))
#3 {main}
